#
# A fatal error has been detected by the Java Runtime Environment:
#
#  SIGSEGV (0xb) at pc=0x00000001288679fb, pid=3214, tid=9475
#
# JRE version: OpenJDK Runtime Environment (12.0.1+12) (build 12.0.1+12)
# Java VM: OpenJDK 64-Bit Server VM (12.0.1+12, mixed mode, sharing, tiered, compressed oops, g1 gc, bsd-amd64)
# Problematic frame:
# C  [libclang.dylib+0x319fb]  clang::cxdiag::lazyCreateDiags(CXTranslationUnitImpl*, bool)+0x1cb
#
# No core dump will be written. Core dumps have been disabled. To enable core dumping, try "ulimit -c unlimited" before starting Java again
#
# If you would like to submit a bug report, please visit:
#   https://youtrack.jetbrains.com
# The crash happened outside the Java Virtual Machine in native code.
# See problematic frame for where to report the bug.
#

---------------  S U M M A R Y ------------

Command Line: -DCVS_PASSFILE=~/.cvspass -D__idea.mac.env.lock=unlocked -Dapple.laf.useScreenMenuBar=true -Dawt.toolkit=sun.lwawt.macosx.LWCToolkit -Dcom.apple.mrj.application.live-resize=false -Dcom.jetbrains.suppressWindowRaise=false -Dfile.separator=/ -Dftp.nonProxyHosts=local|*.local|169.254/16|*.169.254/16 -DgopherProxySet=false -Dhttp.nonProxyHosts=local|*.local|169.254/16|*.169.254/16 -Didea.active=true -Didea.cycle.buffer.size=1024 -Didea.dynamic.classpath=false -Didea.executable=idea -Didea.fatal.error.notification=disabled -Didea.home.path=/Applications/IntelliJ IDEA CE.app/Contents -Didea.jre.check=true -Didea.max.content.load.filesize=20000 -Didea.max.intellisense.filesize=2500 -Didea.no.launcher=false -Didea.paths.selector=IdeaIC2019.2 -Didea.platform.prefix=Idea -Didea.popup.weight=heavy -Didea.smooth.progress=false -Didea.version=2019.2.3 -Didea.xdebug.key=-Xdebug -Dio.netty.allocator.numDirectArenas=1 -Dio.netty.allocator.numHeapArenas=1 -Dio.netty.machineId=28:f0:76:ff:fe:16:65:0e -Dio.netty.processId=48266 -Dio.netty.serviceThreadPrefix=Netty  -Djava.awt.graphicsenv=sun.awt.CGraphicsEnvironment -Djava.class.version=56.0 -Djava.home=/Library/Java/JavaVirtualMachines/openjdk-12.0.1.jdk/Contents/Home -Djava.library.path=/Users/mattmoore/.konan/kotlin-native-macos-1.3.1/konan/nativelib -Djava.net.preferIPv4Stack=true -Djava.rmi.server.disableHttp=true -Djava.rmi.server.hostname=127.0.0.1 -Djava.runtime.name=OpenJDK Runtime Environment -Djava.runtime.version=12.0.1+12 -Djava.specification.name=Java Platform API Specification -Djava.specification.vendor=Oracle Corporation -Djava.specification.version=12 -Djava.util.concurrent.ForkJoinPool.common.threadFactory=com.intellij.concurrency.IdeaForkJoinWorkerThreadFactory -Djava.vendor=Oracle Corporation -Djava.vendor.url=https://java.oracle.com/ -Djava.vendor.url.bug=https://youtrack.jetbrains.com -Djava.version=12.0.1 -Djava.version.date=2019-07-16 -Djava.vm.compressedOopsMode=Zero based -Djava.vm.info=mixed mode -Djava.vm.name=OpenJDK 64-Bit Server VM -Djava.vm.specification.name=Java Virtual Machine Specification -Djava.vm.specification.vendor=Oracle Corporation -Djava.vm.specification.version=12 -Djava.vm.vendor=Oracle Corporation -Djava.vm.version=12.0.1+12 -Djavax.swing.rebaseCssSizeMap=true -Djb.vmOptionsFile=/Users/mattmoore/Library/Preferences/IdeaIC2019.2/idea.vmoptions -Djbre.popupwindow.settype=true -Djdk.attach.allowAttachSelf -Djdk.debug=release -Djdk.http.auth.tunneling.disabledSchemes="" -Djna.loaded=true -Djna.nosys=true -Djna.platform.library.path=/usr/lib:/usr/lib -Djna.tmpdir=/Users/mattmoore/Library/Caches/IdeaIC2019.2/tmp -Djnidispatch.path=/Users/mattmoore/Library/Caches/IdeaIC2019.2/tmp/jna10565089097298877718.tmp -Dkonan.home=/Users/mattmoore/.konan/kotlin-native-macos-1.3.1 -Dkotlin.environment.keepalive=true -Dlibrary.jansi.path=/Users/mattmoore/.gradle/native/jansi/1.17.1/osx -Dline.separator=
 -Dlog4j.defaultInitOverride=true -Dorg.jetbrains.kotlin.cliMessageRenderer=GradleStyle -Dos.arch=x86_64 -Dos.name=Mac OS X -Dos.version=10.14.6 -Dpath.separator=: -Dpty4j.preferred.native.folder=/Applications/IntelliJ IDEA CE.app/Contents/lib/pty4j-native -Dpty4j.tmpdir=/Users/mattmoore/Library/Caches/IdeaIC2019.2/tmp -DsocksNonProxyHosts=local|*.local|169.254/16|*.169.254/16 -Dsun.arch.data.model=64 -Dsun.boot.library.path=/Library/Java/JavaVirtualMachines/openjdk-12.0.1.jdk/Contents/Home/lib -Dsun.cpu.endian=little -Dsun.io.unicode.encoding=UnicodeBig -Dsun.jnu.encoding=UTF-8 -Dsun.management.compiler=HotSpot 64-Bit Tiered Compilers -Dswing.bufferPerWindow=true -Duser.dir=/Users/mattmoore/source/kotlin-game-engine -Duser.home=/Users/mattmoore -Duser.name=mattmoore -Duser.timezone=America/Chicago -Xmx3G -Dfile.encoding=UTF-8 -Djava.io.tmpdir=/var/folders/98/2j2qvkcd27bb61zg12hbkjvr0000gn/T/ -Duser.country=US -Duser.language=en -Duser.variant -ea org.jetbrains.kotlin.cli.utilities.MainKt cinterop -o /Users/mattmoore/source/kotlin-game-engine/build/classes/kotlin/macosX64/main/kotlin-game-engine-cinterop-interop.klib -target macos_x64 -def /Users/mattmoore/source/kotlin-game-engine/src/nativeInterop/cinterop/libsdl.def

Host: MacBookPro14,2 x86_64 3500 MHz, 4 cores, 16G, Darwin 18.7.0
Time: Fri Oct  4 13:30:25 2019 CDT elapsed time: 13 seconds (0d 0h 0m 13s)

---------------  T H R E A D  ---------------

Current thread (0x00007fdf54808800):  JavaThread "main" [_thread_in_native, id=9475, stack(0x0000700001ecd000,0x0000700001fcd000)]

Stack: [0x0000700001ecd000,0x0000700001fcd000],  sp=0x0000700001fcbeb0,  free space=1019k
Native frames: (J=compiled Java code, A=aot compiled Java code, j=interpreted, Vv=VM code, C=native code)
C  [libclang.dylib+0x319fb]  clang::cxdiag::lazyCreateDiags(CXTranslationUnitImpl*, bool)+0x1cb
C  [libclang.dylib+0x31ac0]  clang_getNumDiagnostics+0x20
C  [libclangstubs.dylib+0x3bb0]  Java_clang_clang_kniBridge52+0x20
J 2495  clang.clang.kniBridge52(J)I (0 bytes) @ 0x0000000117186e84 [0x0000000117186dc0+0x00000000000000c4]
J 2456 c1 org.jetbrains.kotlin.native.interop.indexer.UtilsKt.getDiagnostics(Lkotlinx/cinterop/CPointer;)Lkotlin/sequences/Sequence; (38 bytes) @ 0x000000010ffdc3dc [0x000000010ffdc180+0x000000000000025c]
J 2458 c1 org.jetbrains.kotlin.native.interop.indexer.MacroConstantsKt.expandMacro(Lorg/jetbrains/kotlin/native/interop/indexer/NativeLibrary;Lkotlinx/cinterop/CPointer;Ljava/io/File;Ljava/lang/String;Lkotlin/jvm/functions/Function1;)Lorg/jetbrains/kotlin/native/interop/indexer/MacroDef; (24 bytes) @ 0x000000010ffe1e04 [0x000000010ffe1bc0+0x0000000000000244]
j  org.jetbrains.kotlin.native.interop.indexer.MacroConstantsKt.expandMacros(Lorg/jetbrains/kotlin/native/interop/indexer/NativeLibrary;Ljava/util/List;Lkotlin/jvm/functions/Function1;)Ljava/util/List;+172
j  org.jetbrains.kotlin.native.interop.indexer.MacroConstantsKt.findMacros(Lorg/jetbrains/kotlin/native/interop/indexer/NativeIndexImpl;Lkotlinx/cinterop/CPointer;Ljava/util/Set;)V+41
j  org.jetbrains.kotlin.native.interop.indexer.IndexerKt.indexDeclarations(Lorg/jetbrains/kotlin/native/interop/indexer/NativeIndexImpl;)V+226
j  org.jetbrains.kotlin.native.interop.indexer.IndexerKt.buildNativeIndexImpl(Lorg/jetbrains/kotlin/native/interop/indexer/NativeLibrary;Z)Lorg/jetbrains/kotlin/native/interop/indexer/NativeIndex;+17
j  org.jetbrains.kotlin.native.interop.indexer.NativeIndexKt.buildNativeIndex(Lorg/jetbrains/kotlin/native/interop/indexer/NativeLibrary;Z)Lorg/jetbrains/kotlin/native/interop/indexer/NativeIndex;+8
j  org.jetbrains.kotlin.native.interop.gen.jvm.MainKt.processCLib([Ljava/lang/String;Ljava/util/Map;)[Ljava/lang/String;+1264
j  org.jetbrains.kotlin.native.interop.gen.jvm.MainKt.interop(Ljava/lang/String;[Ljava/lang/String;Ljava/util/Map;)[Ljava/lang/String;+95
j  org.jetbrains.kotlin.cli.utilities.InteropCompilerKt.invokeInterop(Ljava/lang/String;[Ljava/lang/String;)[Ljava/lang/String;+779
j  org.jetbrains.kotlin.cli.utilities.MainKt.main([Ljava/lang/String;)V+194
v  ~StubRoutines::call_stub
V  [libjvm.dylib+0x3937b9]  JavaCalls::call_helper(JavaValue*, methodHandle const&, JavaCallArguments*, Thread*)+0x285
V  [libjvm.dylib+0x3d2c31]  jni_invoke_static(JNIEnv_*, JavaValue*, _jobject*, JNICallType, _jmethodID*, JNI_ArgumentPusher*, Thread*)+0x11c
V  [libjvm.dylib+0x3d635c]  jni_CallStaticVoidMethod+0x1c9
C  [libjli.dylib+0x4898]  JavaMain+0xab4
C  [libsystem_pthread.dylib+0x32eb]  _pthread_body+0x7e
C  [libsystem_pthread.dylib+0x6249]  _pthread_start+0x42
C  [libsystem_pthread.dylib+0x240d]  thread_start+0xd

Java frames: (J=compiled Java code, j=interpreted, Vv=VM code)
J 2495  clang.clang.kniBridge52(J)I (0 bytes) @ 0x0000000117186e11 [0x0000000117186dc0+0x0000000000000051]
J 2456 c1 org.jetbrains.kotlin.native.interop.indexer.UtilsKt.getDiagnostics(Lkotlinx/cinterop/CPointer;)Lkotlin/sequences/Sequence; (38 bytes) @ 0x000000010ffdc3dc [0x000000010ffdc180+0x000000000000025c]
J 2458 c1 org.jetbrains.kotlin.native.interop.indexer.MacroConstantsKt.expandMacro(Lorg/jetbrains/kotlin/native/interop/indexer/NativeLibrary;Lkotlinx/cinterop/CPointer;Ljava/io/File;Ljava/lang/String;Lkotlin/jvm/functions/Function1;)Lorg/jetbrains/kotlin/native/interop/indexer/MacroDef; (24 bytes) @ 0x000000010ffe1e04 [0x000000010ffe1bc0+0x0000000000000244]
j  org.jetbrains.kotlin.native.interop.indexer.MacroConstantsKt.expandMacros(Lorg/jetbrains/kotlin/native/interop/indexer/NativeLibrary;Ljava/util/List;Lkotlin/jvm/functions/Function1;)Ljava/util/List;+172
j  org.jetbrains.kotlin.native.interop.indexer.MacroConstantsKt.findMacros(Lorg/jetbrains/kotlin/native/interop/indexer/NativeIndexImpl;Lkotlinx/cinterop/CPointer;Ljava/util/Set;)V+41
j  org.jetbrains.kotlin.native.interop.indexer.IndexerKt.indexDeclarations(Lorg/jetbrains/kotlin/native/interop/indexer/NativeIndexImpl;)V+226
j  org.jetbrains.kotlin.native.interop.indexer.IndexerKt.buildNativeIndexImpl(Lorg/jetbrains/kotlin/native/interop/indexer/NativeLibrary;Z)Lorg/jetbrains/kotlin/native/interop/indexer/NativeIndex;+17
j  org.jetbrains.kotlin.native.interop.indexer.NativeIndexKt.buildNativeIndex(Lorg/jetbrains/kotlin/native/interop/indexer/NativeLibrary;Z)Lorg/jetbrains/kotlin/native/interop/indexer/NativeIndex;+8
j  org.jetbrains.kotlin.native.interop.gen.jvm.MainKt.processCLib([Ljava/lang/String;Ljava/util/Map;)[Ljava/lang/String;+1264
j  org.jetbrains.kotlin.native.interop.gen.jvm.MainKt.interop(Ljava/lang/String;[Ljava/lang/String;Ljava/util/Map;)[Ljava/lang/String;+95
j  org.jetbrains.kotlin.cli.utilities.InteropCompilerKt.invokeInterop(Ljava/lang/String;[Ljava/lang/String;)[Ljava/lang/String;+779
j  org.jetbrains.kotlin.cli.utilities.MainKt.main([Ljava/lang/String;)V+194
v  ~StubRoutines::call_stub

siginfo: si_signo: 11 (SIGSEGV), si_code: 1 (SEGV_MAPERR), si_addr: 0x00000000000007c8

Register to memory mapping:

RAX=0x0 is NULL
RBX=0x00007fdf56e0dc00 points into unknown readable memory: 60 99 d9 53 df 7f 00 00
RCX=0x0 is NULL
RDX=0x000000000000000b is an unknown value
RSP=0x0000700001fcbeb0 is pointing into the stack for thread: 0x00007fdf54808800
RBP=0x0000700001fcbf20 is pointing into the stack for thread: 0x00007fdf54808800
RSI=0x000000000000000b is an unknown value
RDI=0x00000001051a5080 points into unknown readable memory: 00 00 00 00 01 00 00 00
R8 =0x0 is NULL
R9 =0x00000000f3ffffff is an unknown value
R10=0x00007fdf53d00000 points into unknown readable memory: 00 80 88 80 00 00 00 00
R11=0x0000000000000001 is an unknown value
R12=0x00007fdf56302480 points into unknown readable memory: 01 00 00 00 b0 01 00 00
R13=0x00007fdf56e0df20 points into unknown readable memory: 30 df e0 56 df 7f 00 00
R14=0x00007fdf564046d0 points into unknown readable memory: 40 74 c6 53 df 7f 00 00
R15=0x00007fdf53dc2f90 points into unknown readable memory: d8 ad ad 2b 01 00 00 00


Registers:
RAX=0x0000000000000000, RBX=0x00007fdf56e0dc00, RCX=0x0000000000000000, RDX=0x000000000000000b
RSP=0x0000700001fcbeb0, RBP=0x0000700001fcbf20, RSI=0x000000000000000b, RDI=0x00000001051a5080
R8 =0x0000000000000000, R9 =0x00000000f3ffffff, R10=0x00007fdf53d00000, R11=0x0000000000000001
R12=0x00007fdf56302480, R13=0x00007fdf56e0df20, R14=0x00007fdf564046d0, R15=0x00007fdf53dc2f90
RIP=0x00000001288679fb, EFLAGS=0x0000000000010202, ERR=0x0000000000000004
  TRAPNO=0x000000000000000e

Top of Stack: (sp=0x0000700001fcbeb0)
0x0000700001fcbeb0:   0000000000000000 0000000000000000
0x0000700001fcbec0:   0000000000000000 0000000000000000
0x0000700001fcbed0:   0000000000000000 000000000000000a
0x0000700001fcbee0:   0000000000000002 0000000000000000
0x0000700001fcbef0:   00007fdf56e0df18 000000012ded42b0
0x0000700001fcbf00:   0000000000000000 0000000746e7f260
0x0000700001fcbf10:   0000700001fcbfb0 00007fdf54808800
0x0000700001fcbf20:   0000700001fcbf40 0000000128867ac0
0x0000700001fcbf30:   0000000000496e20 000000012ded42b0
0x0000700001fcbf40:   0000700001fcbf70 000000012c720bb0
0x0000700001fcbf50:   0000000000000000 00007fdf564046d0
0x0000700001fcbf60:   0000700001fcbfb0 00007fdf54808b30
0x0000700001fcbf70:   0000700001fcbfc0 0000000117186e84
0x0000700001fcbf80:   0000000747154748 00000001051f8008
0x0000700001fcbf90:   0000000746e48bc8 0000000747154780
0x0000700001fcbfa0:   0000000746e48b10 00000007462b2980
0x0000700001fcbfb0:   00000007465d5278 0000000747154798
0x0000700001fcbfc0:   0000700001fcc1f8 000000010ffdc3dc
0x0000700001fcbfd0:   0000000747156a50 0000000747154748
0x0000700001fcbfe0:   0000000747156cf0 0000000746e48ae0
0x0000700001fcbff0:   00000007462b2948 0000000746e48b10
0x0000700001fcc000:   0000000747156dc8 0000000747156d98
0x0000700001fcc010:   0000000747156d80 0000000746e48b58
0x0000700001fcc020:   0000000747158e68 000000074715cf00
0x0000700001fcc030:   000000074715d028 000000074715d0a0
0x0000700001fcc040:   000000074715d0b8 000000000000852e
0x0000700001fcc050:   0000000746e48b10 00000007471546c8
0x0000700001fcc060:   0000000747154670 0000000000000206
0x0000700001fcc070:   0000700001fcc1f8 000000010ffe1e04
0x0000700001fcc080:   ffffffffffffffff 000000012dec1f58
0x0000700001fcc090:   0000000700000000 0000700001fcc1f8
0x0000700001fcc0a0:   0000700001fcc1b0 00007fdf54808800 

Instructions: (pc=0x00000001288679fb)
0x00000001288679db:   24 08 49 c7 44 24 20 08 00 00 00 49 c7 44 24 28
0x00000001288679eb:   00 00 00 00 41 c7 04 24 01 00 00 00 48 8b 43 50
0x00000001288679fb:   48 8b b0 c8 07 00 00 48 8d 7d 98 4c 89 e2 e8 32
0x0000000128867a0b:   be 33 00 48 8d 05 53 34 27 03 48 89 45 98 4c 89 

Stack slot to memory mapping:
stack at sp + 0 slots: 0x0 is NULL
stack at sp + 1 slots: 0x0 is NULL
stack at sp + 2 slots: 0x0 is NULL
stack at sp + 3 slots: 0x0 is NULL
stack at sp + 4 slots: 0x0 is NULL
stack at sp + 5 slots: 0x000000000000000a is an unknown value
stack at sp + 6 slots: 0x0000000000000002 is an unknown value
stack at sp + 7 slots: 0x0 is NULL


---------------  P R O C E S S  ---------------

Threads class SMR info:
_java_thread_list=0x00007fdf53e6c8d0, length=13, elements={
0x00007fdf54808800, 0x00007fdf54833800, 0x00007fdf54836800, 0x00007fdf54084800,
0x00007fdf54001000, 0x00007fdf5581a800, 0x00007fdf5581b800, 0x00007fdf55088800,
0x00007fdf55086800, 0x00007fdf55869800, 0x00007fdf543b9000, 0x00007fdf54e53800,
0x00007fdf55bf6000
}

Java Threads: ( => current thread )
=>0x00007fdf54808800 JavaThread "main" [_thread_in_native, id=9475, stack(0x0000700001ecd000,0x0000700001fcd000)]
  0x00007fdf54833800 JavaThread "Reference Handler" daemon [_thread_blocked, id=18947, stack(0x00007000025e2000,0x00007000026e2000)]
  0x00007fdf54836800 JavaThread "Finalizer" daemon [_thread_blocked, id=15363, stack(0x00007000026e5000,0x00007000027e5000)]
  0x00007fdf54084800 JavaThread "Signal Dispatcher" daemon [_thread_blocked, id=17667, stack(0x00007000027e8000,0x00007000028e8000)]
  0x00007fdf54001000 JavaThread "C2 CompilerThread0" daemon [_thread_blocked, id=43267, stack(0x00007000028eb000,0x00007000029eb000)]
  0x00007fdf5581a800 JavaThread "C1 CompilerThread0" daemon [_thread_blocked, id=42755, stack(0x00007000029ee000,0x0000700002aee000)]
  0x00007fdf5581b800 JavaThread "Sweeper thread" daemon [_thread_blocked, id=22275, stack(0x0000700002af1000,0x0000700002bf1000)]
  0x00007fdf55088800 JavaThread "Service Thread" daemon [_thread_blocked, id=22531, stack(0x0000700002bf4000,0x0000700002cf4000)]
  0x00007fdf55086800 JavaThread "Common-Cleaner" daemon [_thread_blocked, id=23299, stack(0x0000700002dfa000,0x0000700002efa000)]
  0x00007fdf55869800 JavaThread "process reaper" daemon [_thread_blocked, id=25091, stack(0x0000700003309000,0x000070000332d000)]
  0x00007fdf543b9000 JavaThread "Thread-0" daemon [_thread_in_native, id=40715, stack(0x0000700003330000,0x0000700003b30000)]
  0x00007fdf54e53800 JavaThread "Thread-1" daemon [_thread_in_native, id=40719, stack(0x0000700003330000,0x0000700003b30000)]
  0x00007fdf55bf6000 JavaThread "SIGTERM handler" daemon [_thread_blocked, id=25863, stack(0x0000700002efd000,0x0000700002ffd000)]

Other Threads:
  0x00007fdf55041000 VMThread "VM Thread" [stack: 0x00007000024df000,0x00007000025df000] [id=14595]
  0x00007fdf55089800 WatcherThread [stack: 0x0000700002cf7000,0x0000700002df7000] [id=41475]
  0x00007fdf5502c000 GCTaskThread "GC Thread#0" [stack: 0x0000700001fd0000,0x00007000020d0000] [id=20995]
  0x00007fdf548e0000 GCTaskThread "GC Thread#1" [stack: 0x0000700003000000,0x0000700003100000] [id=40451]
  0x00007fdf54941000 GCTaskThread "GC Thread#2" [stack: 0x0000700003103000,0x0000700003203000] [id=40195]
  0x00007fdf54941800 GCTaskThread "GC Thread#3" [stack: 0x0000700003206000,0x0000700003306000] [id=24323]
  0x00007fdf5503f800 ConcurrentGCThread "G1 Main Marker" [stack: 0x00007000020d3000,0x00007000021d3000] [id=20739]
  0x00007fdf54003000 ConcurrentGCThread "G1 Conc#0" [stack: 0x00007000021d6000,0x00007000022d6000] [id=13059]
  0x00007fdf55800000 ConcurrentGCThread "G1 Refine#0" [stack: 0x00007000022d9000,0x00007000023d9000] [id=20227]
  0x00007fdf55801000 ConcurrentGCThread "G1 Young RemSet Sampling" [stack: 0x00007000023dc000,0x00007000024dc000] [id=13827]

Threads with active compile tasks:

VM state:not at safepoint (normal execution)

VM Mutex/Monitor currently owned by a thread: None

Heap address: 0x0000000740000000, size: 3072 MB, Compressed Oops mode: Zero based, Oop shift amount: 3
Narrow klass base: 0x0000000800000000, Narrow klass shift: 3
Compressed class space size: 1073741824 Address: 0x00000008010fa000

Heap:
 garbage-first heap   total 264192K, used 158420K [0x0000000740000000, 0x0000000800000000)
  region size 1024K, 152 young (155648K), 8 survivors (8192K)
 Metaspace       used 13517K, capacity 15181K, committed 15488K, reserved 1062912K
  class space    used 1462K, capacity 1645K, committed 1664K, reserved 1048576K
Heap Regions: E=young(eden), S=young(survivor), O=old, HS=humongous(starts), HC=humongous(continues), CS=collection set, F=free, A=archive, TAMS=top-at-mark-start (previous, next)
|   0|0x0000000740000000, 0x0000000740100000, 0x0000000740100000|100%|HS|  |TAMS 0x0000000740000000, 0x0000000740000000| Complete 
|   1|0x0000000740100000, 0x0000000740200000, 0x0000000740200000|100%|HC|  |TAMS 0x0000000740100000, 0x0000000740100000| Complete 
|   2|0x0000000740200000, 0x0000000740300000, 0x0000000740300000|100%|HC|  |TAMS 0x0000000740200000, 0x0000000740200000| Complete 
|   3|0x0000000740300000, 0x0000000740300000, 0x0000000740400000|  0%| F|  |TAMS 0x0000000740300000, 0x0000000740300000| Untracked 
|   4|0x0000000740400000, 0x0000000740400000, 0x0000000740500000|  0%| F|  |TAMS 0x0000000740400000, 0x0000000740400000| Untracked 
|   5|0x0000000740500000, 0x0000000740500000, 0x0000000740600000|  0%| F|  |TAMS 0x0000000740500000, 0x0000000740500000| Untracked 
|   6|0x0000000740600000, 0x0000000740600000, 0x0000000740700000|  0%| F|  |TAMS 0x0000000740600000, 0x0000000740600000| Untracked 
|   7|0x0000000740700000, 0x0000000740700000, 0x0000000740800000|  0%| F|  |TAMS 0x0000000740700000, 0x0000000740700000| Untracked 
|   8|0x0000000740800000, 0x0000000740800000, 0x0000000740900000|  0%| F|  |TAMS 0x0000000740800000, 0x0000000740800000| Untracked 
|   9|0x0000000740900000, 0x0000000740900000, 0x0000000740a00000|  0%| F|  |TAMS 0x0000000740900000, 0x0000000740900000| Untracked 
|  10|0x0000000740a00000, 0x0000000740a00000, 0x0000000740b00000|  0%| F|  |TAMS 0x0000000740a00000, 0x0000000740a00000| Untracked 
|  11|0x0000000740b00000, 0x0000000740b00000, 0x0000000740c00000|  0%| F|  |TAMS 0x0000000740b00000, 0x0000000740b00000| Untracked 
|  12|0x0000000740c00000, 0x0000000740c00000, 0x0000000740d00000|  0%| F|  |TAMS 0x0000000740c00000, 0x0000000740c00000| Untracked 
|  13|0x0000000740d00000, 0x0000000740d00000, 0x0000000740e00000|  0%| F|  |TAMS 0x0000000740d00000, 0x0000000740d00000| Untracked 
|  14|0x0000000740e00000, 0x0000000740e00000, 0x0000000740f00000|  0%| F|  |TAMS 0x0000000740e00000, 0x0000000740e00000| Untracked 
|  15|0x0000000740f00000, 0x0000000740f00000, 0x0000000741000000|  0%| F|  |TAMS 0x0000000740f00000, 0x0000000740f00000| Untracked 
|  16|0x0000000741000000, 0x0000000741000000, 0x0000000741100000|  0%| F|  |TAMS 0x0000000741000000, 0x0000000741000000| Untracked 
|  17|0x0000000741100000, 0x0000000741100000, 0x0000000741200000|  0%| F|  |TAMS 0x0000000741100000, 0x0000000741100000| Untracked 
|  18|0x0000000741200000, 0x0000000741200000, 0x0000000741300000|  0%| F|  |TAMS 0x0000000741200000, 0x0000000741200000| Untracked 
|  19|0x0000000741300000, 0x0000000741300000, 0x0000000741400000|  0%| F|  |TAMS 0x0000000741300000, 0x0000000741300000| Untracked 
|  20|0x0000000741400000, 0x0000000741400000, 0x0000000741500000|  0%| F|  |TAMS 0x0000000741400000, 0x0000000741400000| Untracked 
|  21|0x0000000741500000, 0x0000000741500000, 0x0000000741600000|  0%| F|  |TAMS 0x0000000741500000, 0x0000000741500000| Untracked 
|  22|0x0000000741600000, 0x0000000741600000, 0x0000000741700000|  0%| F|  |TAMS 0x0000000741600000, 0x0000000741600000| Untracked 
|  23|0x0000000741700000, 0x0000000741700000, 0x0000000741800000|  0%| F|  |TAMS 0x0000000741700000, 0x0000000741700000| Untracked 
|  24|0x0000000741800000, 0x0000000741800000, 0x0000000741900000|  0%| F|  |TAMS 0x0000000741800000, 0x0000000741800000| Untracked 
|  25|0x0000000741900000, 0x0000000741900000, 0x0000000741a00000|  0%| F|  |TAMS 0x0000000741900000, 0x0000000741900000| Untracked 
|  26|0x0000000741a00000, 0x0000000741a00000, 0x0000000741b00000|  0%| F|  |TAMS 0x0000000741a00000, 0x0000000741a00000| Untracked 
|  27|0x0000000741b00000, 0x0000000741b00000, 0x0000000741c00000|  0%| F|  |TAMS 0x0000000741b00000, 0x0000000741b00000| Untracked 
|  28|0x0000000741c00000, 0x0000000741c00000, 0x0000000741d00000|  0%| F|  |TAMS 0x0000000741c00000, 0x0000000741c00000| Untracked 
|  29|0x0000000741d00000, 0x0000000741d00000, 0x0000000741e00000|  0%| F|  |TAMS 0x0000000741d00000, 0x0000000741d00000| Untracked 
|  30|0x0000000741e00000, 0x0000000741e00000, 0x0000000741f00000|  0%| F|  |TAMS 0x0000000741e00000, 0x0000000741e00000| Untracked 
|  31|0x0000000741f00000, 0x0000000741f00000, 0x0000000742000000|  0%| F|  |TAMS 0x0000000741f00000, 0x0000000741f00000| Untracked 
|  32|0x0000000742000000, 0x0000000742000000, 0x0000000742100000|  0%| F|  |TAMS 0x0000000742000000, 0x0000000742000000| Untracked 
|  33|0x0000000742100000, 0x0000000742100000, 0x0000000742200000|  0%| F|  |TAMS 0x0000000742100000, 0x0000000742100000| Untracked 
|  34|0x0000000742200000, 0x0000000742200000, 0x0000000742300000|  0%| F|  |TAMS 0x0000000742200000, 0x0000000742200000| Untracked 
|  35|0x0000000742300000, 0x0000000742300000, 0x0000000742400000|  0%| F|  |TAMS 0x0000000742300000, 0x0000000742300000| Untracked 
|  36|0x0000000742400000, 0x0000000742400000, 0x0000000742500000|  0%| F|  |TAMS 0x0000000742400000, 0x0000000742400000| Untracked 
|  37|0x0000000742500000, 0x0000000742500000, 0x0000000742600000|  0%| F|  |TAMS 0x0000000742500000, 0x0000000742500000| Untracked 
|  38|0x0000000742600000, 0x0000000742600000, 0x0000000742700000|  0%| F|  |TAMS 0x0000000742600000, 0x0000000742600000| Untracked 
|  39|0x0000000742700000, 0x0000000742700000, 0x0000000742800000|  0%| F|  |TAMS 0x0000000742700000, 0x0000000742700000| Untracked 
|  40|0x0000000742800000, 0x0000000742800000, 0x0000000742900000|  0%| F|  |TAMS 0x0000000742800000, 0x0000000742800000| Untracked 
|  41|0x0000000742900000, 0x0000000742900000, 0x0000000742a00000|  0%| F|  |TAMS 0x0000000742900000, 0x0000000742900000| Untracked 
|  42|0x0000000742a00000, 0x0000000742a00000, 0x0000000742b00000|  0%| F|  |TAMS 0x0000000742a00000, 0x0000000742a00000| Untracked 
|  43|0x0000000742b00000, 0x0000000742b00000, 0x0000000742c00000|  0%| F|  |TAMS 0x0000000742b00000, 0x0000000742b00000| Untracked 
|  44|0x0000000742c00000, 0x0000000742c00000, 0x0000000742d00000|  0%| F|  |TAMS 0x0000000742c00000, 0x0000000742c00000| Untracked 
|  45|0x0000000742d00000, 0x0000000742d00000, 0x0000000742e00000|  0%| F|  |TAMS 0x0000000742d00000, 0x0000000742d00000| Untracked 
|  46|0x0000000742e00000, 0x0000000742e00000, 0x0000000742f00000|  0%| F|  |TAMS 0x0000000742e00000, 0x0000000742e00000| Untracked 
|  47|0x0000000742f00000, 0x0000000742f00000, 0x0000000743000000|  0%| F|  |TAMS 0x0000000742f00000, 0x0000000742f00000| Untracked 
|  48|0x0000000743000000, 0x0000000743000000, 0x0000000743100000|  0%| F|  |TAMS 0x0000000743000000, 0x0000000743000000| Untracked 
|  49|0x0000000743100000, 0x0000000743100000, 0x0000000743200000|  0%| F|  |TAMS 0x0000000743100000, 0x0000000743100000| Untracked 
|  50|0x0000000743200000, 0x0000000743200000, 0x0000000743300000|  0%| F|  |TAMS 0x0000000743200000, 0x0000000743200000| Untracked 
|  51|0x0000000743300000, 0x0000000743300000, 0x0000000743400000|  0%| F|  |TAMS 0x0000000743300000, 0x0000000743300000| Untracked 
|  52|0x0000000743400000, 0x0000000743400000, 0x0000000743500000|  0%| F|  |TAMS 0x0000000743400000, 0x0000000743400000| Untracked 
|  53|0x0000000743500000, 0x0000000743500000, 0x0000000743600000|  0%| F|  |TAMS 0x0000000743500000, 0x0000000743500000| Untracked 
|  54|0x0000000743600000, 0x0000000743600000, 0x0000000743700000|  0%| F|  |TAMS 0x0000000743600000, 0x0000000743600000| Untracked 
|  55|0x0000000743700000, 0x0000000743700000, 0x0000000743800000|  0%| F|  |TAMS 0x0000000743700000, 0x0000000743700000| Untracked 
|  56|0x0000000743800000, 0x0000000743800000, 0x0000000743900000|  0%| F|  |TAMS 0x0000000743800000, 0x0000000743800000| Untracked 
|  57|0x0000000743900000, 0x0000000743900000, 0x0000000743a00000|  0%| F|  |TAMS 0x0000000743900000, 0x0000000743900000| Untracked 
|  58|0x0000000743a00000, 0x0000000743a00000, 0x0000000743b00000|  0%| F|  |TAMS 0x0000000743a00000, 0x0000000743a00000| Untracked 
|  59|0x0000000743b00000, 0x0000000743b00000, 0x0000000743c00000|  0%| F|  |TAMS 0x0000000743b00000, 0x0000000743b00000| Untracked 
|  60|0x0000000743c00000, 0x0000000743c00000, 0x0000000743d00000|  0%| F|  |TAMS 0x0000000743c00000, 0x0000000743c00000| Untracked 
|  61|0x0000000743d00000, 0x0000000743d00000, 0x0000000743e00000|  0%| F|  |TAMS 0x0000000743d00000, 0x0000000743d00000| Untracked 
|  62|0x0000000743e00000, 0x0000000743e00000, 0x0000000743f00000|  0%| F|  |TAMS 0x0000000743e00000, 0x0000000743e00000| Untracked 
|  63|0x0000000743f00000, 0x0000000743f00000, 0x0000000744000000|  0%| F|  |TAMS 0x0000000743f00000, 0x0000000743f00000| Untracked 
|  64|0x0000000744000000, 0x0000000744000000, 0x0000000744100000|  0%| F|  |TAMS 0x0000000744000000, 0x0000000744000000| Untracked 
|  65|0x0000000744100000, 0x0000000744100000, 0x0000000744200000|  0%| F|  |TAMS 0x0000000744100000, 0x0000000744100000| Untracked 
|  66|0x0000000744200000, 0x0000000744200000, 0x0000000744300000|  0%| F|  |TAMS 0x0000000744200000, 0x0000000744200000| Untracked 
|  67|0x0000000744300000, 0x0000000744300000, 0x0000000744400000|  0%| F|  |TAMS 0x0000000744300000, 0x0000000744300000| Untracked 
|  68|0x0000000744400000, 0x0000000744400000, 0x0000000744500000|  0%| F|  |TAMS 0x0000000744400000, 0x0000000744400000| Untracked 
|  69|0x0000000744500000, 0x0000000744500000, 0x0000000744600000|  0%| F|  |TAMS 0x0000000744500000, 0x0000000744500000| Untracked 
|  70|0x0000000744600000, 0x0000000744600000, 0x0000000744700000|  0%| F|  |TAMS 0x0000000744600000, 0x0000000744600000| Untracked 
|  71|0x0000000744700000, 0x0000000744700000, 0x0000000744800000|  0%| F|  |TAMS 0x0000000744700000, 0x0000000744700000| Untracked 
|  72|0x0000000744800000, 0x0000000744800000, 0x0000000744900000|  0%| F|  |TAMS 0x0000000744800000, 0x0000000744800000| Untracked 
|  73|0x0000000744900000, 0x0000000744900000, 0x0000000744a00000|  0%| F|  |TAMS 0x0000000744900000, 0x0000000744900000| Untracked 
|  74|0x0000000744a00000, 0x0000000744a00000, 0x0000000744b00000|  0%| F|  |TAMS 0x0000000744a00000, 0x0000000744a00000| Untracked 
|  75|0x0000000744b00000, 0x0000000744b00000, 0x0000000744c00000|  0%| F|  |TAMS 0x0000000744b00000, 0x0000000744b00000| Untracked 
|  76|0x0000000744c00000, 0x0000000744c00000, 0x0000000744d00000|  0%| F|  |TAMS 0x0000000744c00000, 0x0000000744c00000| Untracked 
|  77|0x0000000744d00000, 0x0000000744d00000, 0x0000000744e00000|  0%| F|  |TAMS 0x0000000744d00000, 0x0000000744d00000| Untracked 
|  78|0x0000000744e00000, 0x0000000744e00000, 0x0000000744f00000|  0%| F|  |TAMS 0x0000000744e00000, 0x0000000744e00000| Untracked 
|  79|0x0000000744f00000, 0x0000000744f00000, 0x0000000745000000|  0%| F|  |TAMS 0x0000000744f00000, 0x0000000744f00000| Untracked 
|  80|0x0000000745000000, 0x0000000745000000, 0x0000000745100000|  0%| F|  |TAMS 0x0000000745000000, 0x0000000745000000| Untracked 
|  81|0x0000000745100000, 0x0000000745100000, 0x0000000745200000|  0%| F|  |TAMS 0x0000000745100000, 0x0000000745100000| Untracked 
|  82|0x0000000745200000, 0x0000000745200000, 0x0000000745300000|  0%| F|  |TAMS 0x0000000745200000, 0x0000000745200000| Untracked 
|  83|0x0000000745300000, 0x0000000745300000, 0x0000000745400000|  0%| F|  |TAMS 0x0000000745300000, 0x0000000745300000| Untracked 
|  84|0x0000000745400000, 0x0000000745400000, 0x0000000745500000|  0%| F|  |TAMS 0x0000000745400000, 0x0000000745400000| Untracked 
|  85|0x0000000745500000, 0x0000000745500000, 0x0000000745600000|  0%| F|  |TAMS 0x0000000745500000, 0x0000000745500000| Untracked 
|  86|0x0000000745600000, 0x0000000745600000, 0x0000000745700000|  0%| F|  |TAMS 0x0000000745600000, 0x0000000745600000| Untracked 
|  87|0x0000000745700000, 0x0000000745700000, 0x0000000745800000|  0%| F|  |TAMS 0x0000000745700000, 0x0000000745700000| Untracked 
|  88|0x0000000745800000, 0x0000000745800000, 0x0000000745900000|  0%| F|  |TAMS 0x0000000745800000, 0x0000000745800000| Untracked 
|  89|0x0000000745900000, 0x0000000745900000, 0x0000000745a00000|  0%| F|  |TAMS 0x0000000745900000, 0x0000000745900000| Untracked 
|  90|0x0000000745a00000, 0x0000000745a00000, 0x0000000745b00000|  0%| F|  |TAMS 0x0000000745a00000, 0x0000000745a00000| Untracked 
|  91|0x0000000745b00000, 0x0000000745b00000, 0x0000000745c00000|  0%| F|  |TAMS 0x0000000745b00000, 0x0000000745b00000| Untracked 
|  92|0x0000000745c00000, 0x0000000745c00000, 0x0000000745d00000|  0%| F|  |TAMS 0x0000000745c00000, 0x0000000745c00000| Untracked 
|  93|0x0000000745d00000, 0x0000000745d00000, 0x0000000745e00000|  0%| F|  |TAMS 0x0000000745d00000, 0x0000000745d00000| Untracked 
|  94|0x0000000745e00000, 0x0000000745e00000, 0x0000000745f00000|  0%| F|  |TAMS 0x0000000745e00000, 0x0000000745e00000| Untracked 
|  95|0x0000000745f00000, 0x0000000745f00000, 0x0000000746000000|  0%| F|  |TAMS 0x0000000745f00000, 0x0000000745f00000| Untracked 
|  96|0x0000000746000000, 0x0000000746100000, 0x0000000746100000|100%| S|CS|TAMS 0x0000000746000000, 0x0000000746000000| Complete 
|  97|0x0000000746100000, 0x0000000746200000, 0x0000000746200000|100%| S|CS|TAMS 0x0000000746100000, 0x0000000746100000| Complete 
|  98|0x0000000746200000, 0x0000000746300000, 0x0000000746300000|100%| S|CS|TAMS 0x0000000746200000, 0x0000000746200000| Complete 
|  99|0x0000000746300000, 0x0000000746400000, 0x0000000746400000|100%| S|CS|TAMS 0x0000000746300000, 0x0000000746300000| Complete 
| 100|0x0000000746400000, 0x0000000746500000, 0x0000000746500000|100%| S|CS|TAMS 0x0000000746400000, 0x0000000746400000| Complete 
| 101|0x0000000746500000, 0x0000000746600000, 0x0000000746600000|100%| S|CS|TAMS 0x0000000746500000, 0x0000000746500000| Complete 
| 102|0x0000000746600000, 0x0000000746700000, 0x0000000746700000|100%| S|CS|TAMS 0x0000000746600000, 0x0000000746600000| Complete 
| 103|0x0000000746700000, 0x0000000746700000, 0x0000000746800000|  0%| F|  |TAMS 0x0000000746700000, 0x0000000746700000| Untracked 
| 104|0x0000000746800000, 0x0000000746800000, 0x0000000746900000|  0%| F|  |TAMS 0x0000000746800000, 0x0000000746800000| Untracked 
| 105|0x0000000746900000, 0x0000000746900000, 0x0000000746a00000|  0%| F|  |TAMS 0x0000000746900000, 0x0000000746900000| Untracked 
| 106|0x0000000746a00000, 0x0000000746a00000, 0x0000000746b00000|  0%| F|  |TAMS 0x0000000746a00000, 0x0000000746a00000| Untracked 
| 107|0x0000000746b00000, 0x0000000746b00000, 0x0000000746c00000|  0%| F|  |TAMS 0x0000000746b00000, 0x0000000746b00000| Untracked 
| 108|0x0000000746c00000, 0x0000000746c00000, 0x0000000746d00000|  0%| F|  |TAMS 0x0000000746c00000, 0x0000000746c00000| Untracked 
| 109|0x0000000746d00000, 0x0000000746d00000, 0x0000000746e00000|  0%| F|  |TAMS 0x0000000746d00000, 0x0000000746d00000| Untracked 
| 110|0x0000000746e00000, 0x0000000746f00000, 0x0000000746f00000|100%| S|CS|TAMS 0x0000000746e00000, 0x0000000746e00000| Complete 
| 111|0x0000000746f00000, 0x0000000746f00000, 0x0000000747000000|  0%| F|  |TAMS 0x0000000746f00000, 0x0000000746f00000| Untracked 
| 112|0x0000000747000000, 0x0000000747000800, 0x0000000747100000|  0%| E|  |TAMS 0x0000000747000000, 0x0000000747000000| Complete 
| 113|0x0000000747100000, 0x0000000747200000, 0x0000000747200000|100%| E|CS|TAMS 0x0000000747100000, 0x0000000747100000| Complete 
| 114|0x0000000747200000, 0x0000000747300000, 0x0000000747300000|100%| E|CS|TAMS 0x0000000747200000, 0x0000000747200000| Complete 
| 115|0x0000000747300000, 0x0000000747400000, 0x0000000747400000|100%| E|CS|TAMS 0x0000000747300000, 0x0000000747300000| Complete 
| 116|0x0000000747400000, 0x0000000747500000, 0x0000000747500000|100%| E|CS|TAMS 0x0000000747400000, 0x0000000747400000| Complete 
| 117|0x0000000747500000, 0x0000000747600000, 0x0000000747600000|100%| E|CS|TAMS 0x0000000747500000, 0x0000000747500000| Complete 
| 118|0x0000000747600000, 0x0000000747700000, 0x0000000747700000|100%| E|CS|TAMS 0x0000000747600000, 0x0000000747600000| Complete 
| 119|0x0000000747700000, 0x0000000747800000, 0x0000000747800000|100%| E|CS|TAMS 0x0000000747700000, 0x0000000747700000| Complete 
| 120|0x0000000747800000, 0x0000000747900000, 0x0000000747900000|100%| E|CS|TAMS 0x0000000747800000, 0x0000000747800000| Complete 
| 121|0x0000000747900000, 0x0000000747a00000, 0x0000000747a00000|100%| E|CS|TAMS 0x0000000747900000, 0x0000000747900000| Complete 
| 122|0x0000000747a00000, 0x0000000747b00000, 0x0000000747b00000|100%| E|CS|TAMS 0x0000000747a00000, 0x0000000747a00000| Complete 
| 123|0x0000000747b00000, 0x0000000747c00000, 0x0000000747c00000|100%| E|CS|TAMS 0x0000000747b00000, 0x0000000747b00000| Complete 
| 124|0x0000000747c00000, 0x0000000747d00000, 0x0000000747d00000|100%| E|CS|TAMS 0x0000000747c00000, 0x0000000747c00000| Complete 
| 125|0x0000000747d00000, 0x0000000747e00000, 0x0000000747e00000|100%| E|CS|TAMS 0x0000000747d00000, 0x0000000747d00000| Complete 
| 126|0x0000000747e00000, 0x0000000747f00000, 0x0000000747f00000|100%| E|CS|TAMS 0x0000000747e00000, 0x0000000747e00000| Complete 
| 127|0x0000000747f00000, 0x0000000748000000, 0x0000000748000000|100%| E|CS|TAMS 0x0000000747f00000, 0x0000000747f00000| Complete 
| 128|0x0000000748000000, 0x0000000748100000, 0x0000000748100000|100%| E|CS|TAMS 0x0000000748000000, 0x0000000748000000| Complete 
| 129|0x0000000748100000, 0x0000000748200000, 0x0000000748200000|100%| E|CS|TAMS 0x0000000748100000, 0x0000000748100000| Complete 
| 130|0x0000000748200000, 0x0000000748300000, 0x0000000748300000|100%| E|CS|TAMS 0x0000000748200000, 0x0000000748200000| Complete 
| 131|0x0000000748300000, 0x0000000748400000, 0x0000000748400000|100%| E|CS|TAMS 0x0000000748300000, 0x0000000748300000| Complete 
| 132|0x0000000748400000, 0x0000000748500000, 0x0000000748500000|100%| E|CS|TAMS 0x0000000748400000, 0x0000000748400000| Complete 
| 133|0x0000000748500000, 0x0000000748600000, 0x0000000748600000|100%| E|CS|TAMS 0x0000000748500000, 0x0000000748500000| Complete 
| 134|0x0000000748600000, 0x0000000748700000, 0x0000000748700000|100%| E|CS|TAMS 0x0000000748600000, 0x0000000748600000| Complete 
| 135|0x0000000748700000, 0x0000000748800000, 0x0000000748800000|100%| E|CS|TAMS 0x0000000748700000, 0x0000000748700000| Complete 
| 136|0x0000000748800000, 0x0000000748900000, 0x0000000748900000|100%| E|CS|TAMS 0x0000000748800000, 0x0000000748800000| Complete 
| 137|0x0000000748900000, 0x0000000748a00000, 0x0000000748a00000|100%| E|CS|TAMS 0x0000000748900000, 0x0000000748900000| Complete 
| 138|0x0000000748a00000, 0x0000000748b00000, 0x0000000748b00000|100%| E|CS|TAMS 0x0000000748a00000, 0x0000000748a00000| Complete 
| 139|0x0000000748b00000, 0x0000000748c00000, 0x0000000748c00000|100%| E|CS|TAMS 0x0000000748b00000, 0x0000000748b00000| Complete 
| 140|0x0000000748c00000, 0x0000000748d00000, 0x0000000748d00000|100%| E|CS|TAMS 0x0000000748c00000, 0x0000000748c00000| Complete 
| 141|0x0000000748d00000, 0x0000000748e00000, 0x0000000748e00000|100%| E|CS|TAMS 0x0000000748d00000, 0x0000000748d00000| Complete 
| 142|0x0000000748e00000, 0x0000000748f00000, 0x0000000748f00000|100%| E|CS|TAMS 0x0000000748e00000, 0x0000000748e00000| Complete 
| 143|0x0000000748f00000, 0x0000000749000000, 0x0000000749000000|100%| E|CS|TAMS 0x0000000748f00000, 0x0000000748f00000| Complete 
| 144|0x0000000749000000, 0x0000000749100000, 0x0000000749100000|100%| E|CS|TAMS 0x0000000749000000, 0x0000000749000000| Complete 
| 145|0x0000000749100000, 0x0000000749200000, 0x0000000749200000|100%| E|CS|TAMS 0x0000000749100000, 0x0000000749100000| Complete 
| 146|0x0000000749200000, 0x0000000749300000, 0x0000000749300000|100%| E|CS|TAMS 0x0000000749200000, 0x0000000749200000| Complete 
| 147|0x0000000749300000, 0x0000000749400000, 0x0000000749400000|100%| E|CS|TAMS 0x0000000749300000, 0x0000000749300000| Complete 
| 148|0x0000000749400000, 0x0000000749500000, 0x0000000749500000|100%| E|CS|TAMS 0x0000000749400000, 0x0000000749400000| Complete 
| 149|0x0000000749500000, 0x0000000749600000, 0x0000000749600000|100%| E|CS|TAMS 0x0000000749500000, 0x0000000749500000| Complete 
| 150|0x0000000749600000, 0x0000000749700000, 0x0000000749700000|100%| E|CS|TAMS 0x0000000749600000, 0x0000000749600000| Complete 
| 151|0x0000000749700000, 0x0000000749800000, 0x0000000749800000|100%| E|CS|TAMS 0x0000000749700000, 0x0000000749700000| Complete 
| 152|0x0000000749800000, 0x0000000749900000, 0x0000000749900000|100%| E|CS|TAMS 0x0000000749800000, 0x0000000749800000| Complete 
| 153|0x0000000749900000, 0x0000000749a00000, 0x0000000749a00000|100%| E|CS|TAMS 0x0000000749900000, 0x0000000749900000| Complete 
| 154|0x0000000749a00000, 0x0000000749b00000, 0x0000000749b00000|100%| E|CS|TAMS 0x0000000749a00000, 0x0000000749a00000| Complete 
| 155|0x0000000749b00000, 0x0000000749c00000, 0x0000000749c00000|100%| E|CS|TAMS 0x0000000749b00000, 0x0000000749b00000| Complete 
| 156|0x0000000749c00000, 0x0000000749d00000, 0x0000000749d00000|100%| E|CS|TAMS 0x0000000749c00000, 0x0000000749c00000| Complete 
| 157|0x0000000749d00000, 0x0000000749e00000, 0x0000000749e00000|100%| E|CS|TAMS 0x0000000749d00000, 0x0000000749d00000| Complete 
| 158|0x0000000749e00000, 0x0000000749f00000, 0x0000000749f00000|100%| E|CS|TAMS 0x0000000749e00000, 0x0000000749e00000| Complete 
| 159|0x0000000749f00000, 0x000000074a000000, 0x000000074a000000|100%| E|CS|TAMS 0x0000000749f00000, 0x0000000749f00000| Complete 
| 160|0x000000074a000000, 0x000000074a100000, 0x000000074a100000|100%| E|CS|TAMS 0x000000074a000000, 0x000000074a000000| Complete 
| 161|0x000000074a100000, 0x000000074a200000, 0x000000074a200000|100%| E|CS|TAMS 0x000000074a100000, 0x000000074a100000| Complete 
| 162|0x000000074a200000, 0x000000074a300000, 0x000000074a300000|100%| E|CS|TAMS 0x000000074a200000, 0x000000074a200000| Complete 
| 163|0x000000074a300000, 0x000000074a400000, 0x000000074a400000|100%| E|CS|TAMS 0x000000074a300000, 0x000000074a300000| Complete 
| 164|0x000000074a400000, 0x000000074a500000, 0x000000074a500000|100%| E|CS|TAMS 0x000000074a400000, 0x000000074a400000| Complete 
| 165|0x000000074a500000, 0x000000074a600000, 0x000000074a600000|100%| E|CS|TAMS 0x000000074a500000, 0x000000074a500000| Complete 
| 166|0x000000074a600000, 0x000000074a700000, 0x000000074a700000|100%| E|CS|TAMS 0x000000074a600000, 0x000000074a600000| Complete 
| 167|0x000000074a700000, 0x000000074a800000, 0x000000074a800000|100%| E|CS|TAMS 0x000000074a700000, 0x000000074a700000| Complete 
| 168|0x000000074a800000, 0x000000074a900000, 0x000000074a900000|100%| E|CS|TAMS 0x000000074a800000, 0x000000074a800000| Complete 
| 169|0x000000074a900000, 0x000000074aa00000, 0x000000074aa00000|100%| E|CS|TAMS 0x000000074a900000, 0x000000074a900000| Complete 
| 170|0x000000074aa00000, 0x000000074ab00000, 0x000000074ab00000|100%| E|CS|TAMS 0x000000074aa00000, 0x000000074aa00000| Complete 
| 171|0x000000074ab00000, 0x000000074ac00000, 0x000000074ac00000|100%| E|CS|TAMS 0x000000074ab00000, 0x000000074ab00000| Complete 
| 172|0x000000074ac00000, 0x000000074ad00000, 0x000000074ad00000|100%| E|CS|TAMS 0x000000074ac00000, 0x000000074ac00000| Complete 
| 173|0x000000074ad00000, 0x000000074ae00000, 0x000000074ae00000|100%| E|CS|TAMS 0x000000074ad00000, 0x000000074ad00000| Complete 
| 174|0x000000074ae00000, 0x000000074af00000, 0x000000074af00000|100%| E|CS|TAMS 0x000000074ae00000, 0x000000074ae00000| Complete 
| 175|0x000000074af00000, 0x000000074b000000, 0x000000074b000000|100%| E|CS|TAMS 0x000000074af00000, 0x000000074af00000| Complete 
| 176|0x000000074b000000, 0x000000074b100000, 0x000000074b100000|100%| E|CS|TAMS 0x000000074b000000, 0x000000074b000000| Complete 
| 177|0x000000074b100000, 0x000000074b200000, 0x000000074b200000|100%| E|CS|TAMS 0x000000074b100000, 0x000000074b100000| Complete 
| 178|0x000000074b200000, 0x000000074b300000, 0x000000074b300000|100%| E|CS|TAMS 0x000000074b200000, 0x000000074b200000| Complete 
| 179|0x000000074b300000, 0x000000074b400000, 0x000000074b400000|100%| E|CS|TAMS 0x000000074b300000, 0x000000074b300000| Complete 
| 180|0x000000074b400000, 0x000000074b500000, 0x000000074b500000|100%| E|CS|TAMS 0x000000074b400000, 0x000000074b400000| Complete 
| 181|0x000000074b500000, 0x000000074b600000, 0x000000074b600000|100%| E|CS|TAMS 0x000000074b500000, 0x000000074b500000| Complete 
| 182|0x000000074b600000, 0x000000074b700000, 0x000000074b700000|100%| E|CS|TAMS 0x000000074b600000, 0x000000074b600000| Complete 
| 183|0x000000074b700000, 0x000000074b800000, 0x000000074b800000|100%| E|CS|TAMS 0x000000074b700000, 0x000000074b700000| Complete 
| 184|0x000000074b800000, 0x000000074b900000, 0x000000074b900000|100%| E|CS|TAMS 0x000000074b800000, 0x000000074b800000| Complete 
| 185|0x000000074b900000, 0x000000074ba00000, 0x000000074ba00000|100%| E|CS|TAMS 0x000000074b900000, 0x000000074b900000| Complete 
| 186|0x000000074ba00000, 0x000000074bb00000, 0x000000074bb00000|100%| E|CS|TAMS 0x000000074ba00000, 0x000000074ba00000| Complete 
| 187|0x000000074bb00000, 0x000000074bc00000, 0x000000074bc00000|100%| E|CS|TAMS 0x000000074bb00000, 0x000000074bb00000| Complete 
| 188|0x000000074bc00000, 0x000000074bd00000, 0x000000074bd00000|100%| E|CS|TAMS 0x000000074bc00000, 0x000000074bc00000| Complete 
| 189|0x000000074bd00000, 0x000000074be00000, 0x000000074be00000|100%| E|CS|TAMS 0x000000074bd00000, 0x000000074bd00000| Complete 
| 190|0x000000074be00000, 0x000000074bf00000, 0x000000074bf00000|100%| E|CS|TAMS 0x000000074be00000, 0x000000074be00000| Complete 
| 191|0x000000074bf00000, 0x000000074c000000, 0x000000074c000000|100%| E|CS|TAMS 0x000000074bf00000, 0x000000074bf00000| Complete 
| 192|0x000000074c000000, 0x000000074c100000, 0x000000074c100000|100%| E|CS|TAMS 0x000000074c000000, 0x000000074c000000| Complete 
| 193|0x000000074c100000, 0x000000074c200000, 0x000000074c200000|100%| E|CS|TAMS 0x000000074c100000, 0x000000074c100000| Complete 
| 194|0x000000074c200000, 0x000000074c300000, 0x000000074c300000|100%| E|CS|TAMS 0x000000074c200000, 0x000000074c200000| Complete 
| 195|0x000000074c300000, 0x000000074c400000, 0x000000074c400000|100%| E|CS|TAMS 0x000000074c300000, 0x000000074c300000| Complete 
| 196|0x000000074c400000, 0x000000074c500000, 0x000000074c500000|100%| E|CS|TAMS 0x000000074c400000, 0x000000074c400000| Complete 
| 197|0x000000074c500000, 0x000000074c600000, 0x000000074c600000|100%| E|CS|TAMS 0x000000074c500000, 0x000000074c500000| Complete 
| 198|0x000000074c600000, 0x000000074c700000, 0x000000074c700000|100%| E|CS|TAMS 0x000000074c600000, 0x000000074c600000| Complete 
| 199|0x000000074c700000, 0x000000074c800000, 0x000000074c800000|100%| E|CS|TAMS 0x000000074c700000, 0x000000074c700000| Complete 
| 200|0x000000074c800000, 0x000000074c900000, 0x000000074c900000|100%| E|CS|TAMS 0x000000074c800000, 0x000000074c800000| Complete 
| 201|0x000000074c900000, 0x000000074ca00000, 0x000000074ca00000|100%| E|CS|TAMS 0x000000074c900000, 0x000000074c900000| Complete 
| 202|0x000000074ca00000, 0x000000074cb00000, 0x000000074cb00000|100%| E|CS|TAMS 0x000000074ca00000, 0x000000074ca00000| Complete 
| 203|0x000000074cb00000, 0x000000074cc00000, 0x000000074cc00000|100%| E|CS|TAMS 0x000000074cb00000, 0x000000074cb00000| Complete 
| 204|0x000000074cc00000, 0x000000074cd00000, 0x000000074cd00000|100%| E|CS|TAMS 0x000000074cc00000, 0x000000074cc00000| Complete 
| 205|0x000000074cd00000, 0x000000074ce00000, 0x000000074ce00000|100%| E|CS|TAMS 0x000000074cd00000, 0x000000074cd00000| Complete 
| 206|0x000000074ce00000, 0x000000074cf00000, 0x000000074cf00000|100%| E|CS|TAMS 0x000000074ce00000, 0x000000074ce00000| Complete 
| 207|0x000000074cf00000, 0x000000074d000000, 0x000000074d000000|100%| E|CS|TAMS 0x000000074cf00000, 0x000000074cf00000| Complete 
| 208|0x000000074d000000, 0x000000074d100000, 0x000000074d100000|100%| E|CS|TAMS 0x000000074d000000, 0x000000074d000000| Complete 
| 209|0x000000074d100000, 0x000000074d200000, 0x000000074d200000|100%| E|CS|TAMS 0x000000074d100000, 0x000000074d100000| Complete 
| 210|0x000000074d200000, 0x000000074d300000, 0x000000074d300000|100%| E|CS|TAMS 0x000000074d200000, 0x000000074d200000| Complete 
| 211|0x000000074d300000, 0x000000074d400000, 0x000000074d400000|100%| E|CS|TAMS 0x000000074d300000, 0x000000074d300000| Complete 
| 212|0x000000074d400000, 0x000000074d500000, 0x000000074d500000|100%| E|CS|TAMS 0x000000074d400000, 0x000000074d400000| Complete 
| 213|0x000000074d500000, 0x000000074d600000, 0x000000074d600000|100%| E|CS|TAMS 0x000000074d500000, 0x000000074d500000| Complete 
| 214|0x000000074d600000, 0x000000074d700000, 0x000000074d700000|100%| E|CS|TAMS 0x000000074d600000, 0x000000074d600000| Complete 
| 215|0x000000074d700000, 0x000000074d800000, 0x000000074d800000|100%| E|CS|TAMS 0x000000074d700000, 0x000000074d700000| Complete 
| 216|0x000000074d800000, 0x000000074d900000, 0x000000074d900000|100%| E|CS|TAMS 0x000000074d800000, 0x000000074d800000| Complete 
| 217|0x000000074d900000, 0x000000074da00000, 0x000000074da00000|100%| E|CS|TAMS 0x000000074d900000, 0x000000074d900000| Complete 
| 218|0x000000074da00000, 0x000000074db00000, 0x000000074db00000|100%| E|CS|TAMS 0x000000074da00000, 0x000000074da00000| Complete 
| 219|0x000000074db00000, 0x000000074dc00000, 0x000000074dc00000|100%| E|CS|TAMS 0x000000074db00000, 0x000000074db00000| Complete 
| 220|0x000000074dc00000, 0x000000074dd00000, 0x000000074dd00000|100%| E|CS|TAMS 0x000000074dc00000, 0x000000074dc00000| Complete 
| 221|0x000000074dd00000, 0x000000074de00000, 0x000000074de00000|100%| E|CS|TAMS 0x000000074dd00000, 0x000000074dd00000| Complete 
| 222|0x000000074de00000, 0x000000074df00000, 0x000000074df00000|100%| E|CS|TAMS 0x000000074de00000, 0x000000074de00000| Complete 
| 223|0x000000074df00000, 0x000000074e000000, 0x000000074e000000|100%| E|CS|TAMS 0x000000074df00000, 0x000000074df00000| Complete 
| 224|0x000000074e000000, 0x000000074e100000, 0x000000074e100000|100%| E|CS|TAMS 0x000000074e000000, 0x000000074e000000| Complete 
| 225|0x000000074e100000, 0x000000074e200000, 0x000000074e200000|100%| E|CS|TAMS 0x000000074e100000, 0x000000074e100000| Complete 
| 226|0x000000074e200000, 0x000000074e300000, 0x000000074e300000|100%| E|CS|TAMS 0x000000074e200000, 0x000000074e200000| Complete 
| 227|0x000000074e300000, 0x000000074e400000, 0x000000074e400000|100%| E|CS|TAMS 0x000000074e300000, 0x000000074e300000| Complete 
| 228|0x000000074e400000, 0x000000074e500000, 0x000000074e500000|100%| E|CS|TAMS 0x000000074e400000, 0x000000074e400000| Complete 
| 229|0x000000074e500000, 0x000000074e600000, 0x000000074e600000|100%| E|CS|TAMS 0x000000074e500000, 0x000000074e500000| Complete 
| 230|0x000000074e600000, 0x000000074e700000, 0x000000074e700000|100%| E|CS|TAMS 0x000000074e600000, 0x000000074e600000| Complete 
| 231|0x000000074e700000, 0x000000074e800000, 0x000000074e800000|100%| E|CS|TAMS 0x000000074e700000, 0x000000074e700000| Complete 
| 232|0x000000074e800000, 0x000000074e900000, 0x000000074e900000|100%| E|CS|TAMS 0x000000074e800000, 0x000000074e800000| Complete 
| 233|0x000000074e900000, 0x000000074ea00000, 0x000000074ea00000|100%| E|CS|TAMS 0x000000074e900000, 0x000000074e900000| Complete 
| 234|0x000000074ea00000, 0x000000074eb00000, 0x000000074eb00000|100%| E|CS|TAMS 0x000000074ea00000, 0x000000074ea00000| Complete 
| 235|0x000000074eb00000, 0x000000074ec00000, 0x000000074ec00000|100%| E|CS|TAMS 0x000000074eb00000, 0x000000074eb00000| Complete 
| 236|0x000000074ec00000, 0x000000074ed00000, 0x000000074ed00000|100%| E|CS|TAMS 0x000000074ec00000, 0x000000074ec00000| Complete 
| 237|0x000000074ed00000, 0x000000074ee00000, 0x000000074ee00000|100%| E|CS|TAMS 0x000000074ed00000, 0x000000074ed00000| Complete 
| 238|0x000000074ee00000, 0x000000074ef00000, 0x000000074ef00000|100%| E|CS|TAMS 0x000000074ee00000, 0x000000074ee00000| Complete 
| 239|0x000000074ef00000, 0x000000074f000000, 0x000000074f000000|100%| E|CS|TAMS 0x000000074ef00000, 0x000000074ef00000| Complete 
| 240|0x000000074f000000, 0x000000074f100000, 0x000000074f100000|100%| E|CS|TAMS 0x000000074f000000, 0x000000074f000000| Complete 
| 241|0x000000074f100000, 0x000000074f200000, 0x000000074f200000|100%| E|CS|TAMS 0x000000074f100000, 0x000000074f100000| Complete 
| 242|0x000000074f200000, 0x000000074f300000, 0x000000074f300000|100%| E|CS|TAMS 0x000000074f200000, 0x000000074f200000| Complete 
| 243|0x000000074f300000, 0x000000074f400000, 0x000000074f400000|100%| E|CS|TAMS 0x000000074f300000, 0x000000074f300000| Complete 
| 244|0x000000074f400000, 0x000000074f500000, 0x000000074f500000|100%| E|CS|TAMS 0x000000074f400000, 0x000000074f400000| Complete 
| 245|0x000000074f500000, 0x000000074f600000, 0x000000074f600000|100%| E|CS|TAMS 0x000000074f500000, 0x000000074f500000| Complete 
| 246|0x000000074f600000, 0x000000074f700000, 0x000000074f700000|100%| E|CS|TAMS 0x000000074f600000, 0x000000074f600000| Complete 
| 247|0x000000074f700000, 0x000000074f800000, 0x000000074f800000|100%| E|CS|TAMS 0x000000074f700000, 0x000000074f700000| Complete 
| 248|0x000000074f800000, 0x000000074f900000, 0x000000074f900000|100%| E|CS|TAMS 0x000000074f800000, 0x000000074f800000| Complete 
| 249|0x000000074f900000, 0x000000074fa00000, 0x000000074fa00000|100%| E|CS|TAMS 0x000000074f900000, 0x000000074f900000| Complete 
| 250|0x000000074fa00000, 0x000000074fb00000, 0x000000074fb00000|100%| E|CS|TAMS 0x000000074fa00000, 0x000000074fa00000| Complete 
| 251|0x000000074fb00000, 0x000000074fc00000, 0x000000074fc00000|100%| E|CS|TAMS 0x000000074fb00000, 0x000000074fb00000| Complete 
| 252|0x000000074fc00000, 0x000000074fd00000, 0x000000074fd00000|100%| E|CS|TAMS 0x000000074fc00000, 0x000000074fc00000| Complete 
| 253|0x000000074fd00000, 0x000000074fe00000, 0x000000074fe00000|100%| E|CS|TAMS 0x000000074fd00000, 0x000000074fd00000| Complete 
| 254|0x000000074fe00000, 0x000000074ff00000, 0x000000074ff00000|100%| E|CS|TAMS 0x000000074fe00000, 0x000000074fe00000| Complete 
| 255|0x000000074ff00000, 0x0000000750000000, 0x0000000750000000|100%| E|CS|TAMS 0x000000074ff00000, 0x000000074ff00000| Complete 
|2046|0x00000007bfe00000, 0x00000007bfe46000, 0x00000007bff00000| 27%|OA|  |TAMS 0x00000007bfe00000, 0x00000007bfe00000| Untracked 
|2047|0x00000007bff00000, 0x00000007bff6f000, 0x00000007c0000000| 43%|CA|  |TAMS 0x00000007bff00000, 0x00000007bff00000| Untracked 

Card table byte_map: [0x000000011eb64000,0x000000011f164000] _byte_map_base: 0x000000011b164000

Marking Bits (Prev, Next): (CMBitMap*) 0x00007fdf5502cc18, (CMBitMap*) 0x00007fdf5502cc58
 Prev Bits: [0x000000011f764000, 0x0000000122764000)
 Next Bits: [0x0000000122764000, 0x0000000125764000)

Polling page: 0x00000001051f8000

Metaspace:

Usage:
  Non-class:     13.22 MB capacity,    11.77 MB ( 89%) used,     1.43 MB ( 11%) free+waste,    13.69 KB ( <1%) overhead. 
      Class:      1.61 MB capacity,     1.43 MB ( 89%) used,   177.55 KB ( 11%) free+waste,     5.00 KB ( <1%) overhead. 
       Both:     14.83 MB capacity,    13.20 MB ( 89%) used,     1.61 MB ( 11%) free+waste,    18.69 KB ( <1%) overhead. 

Virtual space:
  Non-class space:       14.00 MB reserved,      13.50 MB ( 96%) committed 
      Class space:        1.00 GB reserved,       1.62 MB ( <1%) committed 
             Both:        1.01 GB reserved,      15.12 MB (  1%) committed 

Chunk freelists:
   Non-Class:  25.50 KB
       Class:  1.38 KB
        Both:  26.88 KB

CodeHeap 'non-profiled nmethods': size=120032Kb used=1443Kb max_used=1443Kb free=118588Kb
 bounds [0x000000011702c000, 0x000000011729c000, 0x000000011e564000]
CodeHeap 'profiled nmethods': size=120032Kb used=5246Kb max_used=5246Kb free=114785Kb
 bounds [0x000000010faf4000, 0x0000000110024000, 0x000000011702c000]
CodeHeap 'non-nmethods': size=5696Kb used=1145Kb max_used=1187Kb free=4550Kb
 bounds [0x000000010f564000, 0x000000010f7d4000, 0x000000010faf4000]
 total_blobs=3778 nmethods=2371 adapters=383
 compilation: enabled
              stopped_count=0, restarted_count=0
 full_count=0

Compilation events (10 events):
Event: 12.747 Thread 0x00007fdf54001000 2537       4       kotlin.sequences.FilteringSequence$iterator$1::hasNext (26 bytes)
Event: 12.756 Thread 0x00007fdf54001000 nmethod 2537 0x0000000117193390 code [0x0000000117193540, 0x00000001171937b8]
Event: 12.871 Thread 0x00007fdf54001000 2538       4       kotlin.collections.EmptyList::iterator (7 bytes)
Event: 12.871 Thread 0x00007fdf54001000 nmethod 2538 0x0000000117193a10 code [0x0000000117193ba0, 0x0000000117193c18]
Event: 13.390 Thread 0x00007fdf54001000 2539       4       kotlin.sequences.FilteringSequence::<init> (32 bytes)
Event: 13.391 Thread 0x00007fdf54001000 nmethod 2539 0x0000000117193c90 code [0x0000000117193e20, 0x0000000117194078]
Event: 13.489 Thread 0x00007fdf54001000 2540       4       kotlin.sequences.FilteringSequence::iterator (12 bytes)
Event: 13.492 Thread 0x00007fdf54001000 nmethod 2540 0x0000000117194190 code [0x0000000117194340, 0x0000000117194718]
Event: 13.693 Thread 0x00007fdf54001000 2541       4       java.util.ArrayList::toArray (12 bytes)
Event: 13.695 Thread 0x00007fdf54001000 nmethod 2541 0x0000000117194910 code [0x0000000117194aa0, 0x0000000117194cd8]

GC Heap History (8 events):
Event: 0.816 GC heap before
{Heap before GC invocations=0 (full 0):
 garbage-first heap   total 264192K, used 17108K [0x0000000740000000, 0x0000000800000000)
  region size 1024K, 14 young (14336K), 0 survivors (0K)
 Metaspace       used 3453K, capacity 6851K, committed 7040K, reserved 1056768K
  class space    used 301K, capacity 620K, committed 640K, reserved 1048576K
}
Event: 0.823 GC heap after
{Heap after GC invocations=1 (full 0):
 garbage-first heap   total 264192K, used 5817K [0x0000000740000000, 0x0000000800000000)
  region size 1024K, 2 young (2048K), 2 survivors (2048K)
 Metaspace       used 3453K, capacity 6851K, committed 7040K, reserved 1056768K
  class space    used 301K, capacity 620K, committed 640K, reserved 1048576K
}
Event: 2.870 GC heap before
{Heap before GC invocations=1 (full 0):
 garbage-first heap   total 264192K, used 160441K [0x0000000740000000, 0x0000000800000000)
  region size 1024K, 153 young (156672K), 2 survivors (2048K)
 Metaspace       used 13344K, capacity 15021K, committed 15488K, reserved 1062912K
  class space    used 1445K, capacity 1613K, committed 1664K, reserved 1048576K
}
Event: 2.880 GC heap after
{Heap after GC invocations=2 (full 0):
 garbage-first heap   total 264192K, used 10134K [0x0000000740000000, 0x0000000800000000)
  region size 1024K, 7 young (7168K), 7 survivors (7168K)
 Metaspace       used 13344K, capacity 15021K, committed 15488K, reserved 1062912K
  class space    used 1445K, capacity 1613K, committed 1664K, reserved 1048576K
}
Event: 3.337 GC heap before
{Heap before GC invocations=2 (full 0):
 garbage-first heap   total 264192K, used 159638K [0x0000000740000000, 0x0000000800000000)
  region size 1024K, 153 young (156672K), 7 survivors (7168K)
 Metaspace       used 13363K, capacity 15085K, committed 15488K, reserved 1062912K
  class space    used 1448K, capacity 1613K, committed 1664K, reserved 1048576K
}
Event: 3.345 GC heap after
{Heap after GC invocations=3 (full 0):
 garbage-first heap   total 264192K, used 11547K [0x0000000740000000, 0x0000000800000000)
  region size 1024K, 8 young (8192K), 8 survivors (8192K)
 Metaspace       used 13363K, capacity 15085K, committed 15488K, reserved 1062912K
  class space    used 1448K, capacity 1613K, committed 1664K, reserved 1048576K
}
Event: 4.963 GC heap before
{Heap before GC invocations=3 (full 0):
 garbage-first heap   total 264192K, used 160027K [0x0000000740000000, 0x0000000800000000)
  region size 1024K, 153 young (156672K), 8 survivors (8192K)
 Metaspace       used 13514K, capacity 15181K, committed 15488K, reserved 1062912K
  class space    used 1461K, capacity 1645K, committed 1664K, reserved 1048576K
}
Event: 4.972 GC heap after
{Heap after GC invocations=4 (full 0):
 garbage-first heap   total 264192K, used 11988K [0x0000000740000000, 0x0000000800000000)
  region size 1024K, 8 young (8192K), 8 survivors (8192K)
 Metaspace       used 13514K, capacity 15181K, committed 15488K, reserved 1062912K
  class space    used 1461K, capacity 1645K, committed 1664K, reserved 1048576K
}

Deoptimization events (10 events):
Event: 2.240 Thread 0x00007fdf54e53800 Uncommon trap: reason=class_check action=maybe_recompile pc=0x00000001170eda5c method=kotlinx.cinterop.JvmCallbacksKt$createStaticCFunctionImpl$$inlined$ffiClosureImpl$3.invoke(Lkotlinx/cinterop/CPointer;Lkotlinx/cinterop/CPointer;)V @ 223 c2
Event: 2.241 Thread 0x00007fdf54e53800 Uncommon trap: reason=class_check action=maybe_recompile pc=0x00000001170eda5c method=kotlinx.cinterop.JvmCallbacksKt$createStaticCFunctionImpl$$inlined$ffiClosureImpl$3.invoke(Lkotlinx/cinterop/CPointer;Lkotlinx/cinterop/CPointer;)V @ 223 c2
Event: 2.241 Thread 0x00007fdf54e53800 Uncommon trap: reason=class_check action=maybe_recompile pc=0x00000001170eda5c method=kotlinx.cinterop.JvmCallbacksKt$createStaticCFunctionImpl$$inlined$ffiClosureImpl$3.invoke(Lkotlinx/cinterop/CPointer;Lkotlinx/cinterop/CPointer;)V @ 223 c2
Event: 2.241 Thread 0x00007fdf54e53800 Uncommon trap: reason=class_check action=maybe_recompile pc=0x00000001170eda5c method=kotlinx.cinterop.JvmCallbacksKt$createStaticCFunctionImpl$$inlined$ffiClosureImpl$3.invoke(Lkotlinx/cinterop/CPointer;Lkotlinx/cinterop/CPointer;)V @ 223 c2
Event: 2.256 Thread 0x00007fdf54e53800 Uncommon trap: reason=unstable_if action=reinterpret pc=0x00000001170bee00 method=jdk.internal.misc.Unsafe.copyMemory(Ljava/lang/Object;JLjava/lang/Object;JJ)V @ 16 c2
Event: 2.256 Thread 0x00007fdf54e53800 Uncommon trap: reason=unstable_if action=reinterpret pc=0x00000001170b062c method=jdk.internal.misc.Unsafe.copyMemory(Ljava/lang/Object;JLjava/lang/Object;JJ)V @ 16 c2
Event: 3.464 Thread 0x00007fdf54808800 Uncommon trap: reason=unstable_if action=reinterpret pc=0x0000000117177a4c method=org.jetbrains.kotlin.native.interop.indexer.MacroConstantsKt$collectMacroNames$1.invoke(Lkotlinx/cinterop/CValue;Lkotlinx/cinterop/CValue;)Lclang/CXChildVisitResult; @ 290 c
Event: 3.464 Thread 0x00007fdf54808800 Uncommon trap: reason=unstable_if action=reinterpret pc=0x0000000117174df0 method=org.jetbrains.kotlin.native.interop.indexer.MacroConstantsKt$collectMacroNames$1.invoke(Lkotlinx/cinterop/CValue;Lkotlinx/cinterop/CValue;)Lclang/CXChildVisitResult; @ 290 c
Event: 4.388 Thread 0x00007fdf54808800 Uncommon trap: reason=unstable_if action=reinterpret pc=0x0000000117122bbc method=org.jetbrains.kotlin.native.interop.indexer.NativeIndexImpl.convertType(Lkotlinx/cinterop/CValue;Lkotlinx/cinterop/CValue;)Lorg/jetbrains/kotlin/native/interop/indexer/Type;
Event: 4.388 Thread 0x00007fdf54808800 Uncommon trap: reason=unstable_if action=reinterpret pc=0x0000000117160c6c method=org.jetbrains.kotlin.native.interop.indexer.NativeIndexImpl.convertFunctionType(Lkotlinx/cinterop/CValue;)Lorg/jetbrains/kotlin/native/interop/indexer/Type; @ 9 c2

Classes redefined (0 events):
No events

Internal exceptions (6 events):
Event: 0.684 Thread 0x00007fdf54808800 Exception <a 'java/net/UnknownHostException'{0x000000074f84d988}> (0x000000074f84d988) thrown at [/scratch/mesos/slaves/07fc96ef-bf4d-487f-b22f-a84e49f5f44a-S133114/frameworks/1735e8a2-a1db-478c-8104-60c8b0af87dd-0196/executors/2a6e3cf3-77d0-49b8-bc84-3de
Event: 1.022 Thread 0x00007fdf54808800 Exception <a 'java/lang/NoSuchMethodError'{0x000000074defa978}: java.lang.invoke.DirectMethodHandle$Holder.invokeStaticInit(Ljava/lang/Object;Ljava/lang/Object;JLjava/lang/Object;)Ljava/lang/Object;> (0x000000074defa978) thrown at [/scratch/mesos/slaves/0
Event: 1.023 Thread 0x00007fdf54808800 Exception <a 'java/lang/NoSuchMethodError'{0x000000074dd01648}: java.lang.invoke.Invokers$Holder.linkToTargetMethod(Ljava/lang/Object;JLjava/lang/Object;)Ljava/lang/Object;> (0x000000074dd01648) thrown at [/scratch/mesos/slaves/07fc96ef-bf4d-487f-b22f-a84
Event: 1.027 Thread 0x00007fdf54808800 Exception <a 'java/lang/NoSuchMethodError'{0x000000074dd08470}: java.lang.invoke.DirectMethodHandle$Holder.invokeStatic(Ljava/lang/Object;Ljava/lang/Object;Ljava/lang/Object;I)Ljava/lang/Object;> (0x000000074dd08470) thrown at [/scratch/mesos/slaves/07fc9
Event: 1.028 Thread 0x00007fdf54808800 Exception <a 'java/lang/NoSuchMethodError'{0x000000074dd0e720}: java.lang.invoke.Invokers$Holder.linkToTargetMethod(Ljava/lang/Object;Ljava/lang/Object;ILjava/lang/Object;)Ljava/lang/Object;> (0x000000074dd0e720) thrown at [/scratch/mesos/slaves/07fc96ef-
Event: 1.704 Thread 0x00007fdf543b9000 Implicit null exception at 0x000000011709729d to 0x0000000117097396

Events (10 events):
Event: 4.388 Thread 0x00007fdf54808800 DEOPT UNPACKING pc=0x000000010f58d3a5 sp=0x0000700001fca490 mode 2
Event: 4.711 loading class org/jetbrains/kotlin/native/interop/indexer/FloatingConstantDef
Event: 4.711 loading class org/jetbrains/kotlin/native/interop/indexer/FloatingConstantDef done
Event: 4.962 Executing VM operation: G1CollectForAllocation
Event: 4.972 Executing VM operation: G1CollectForAllocation done
Event: 13.838 loading class jdk/internal/misc/Signal$1
Event: 13.838 loading class jdk/internal/misc/Signal$1 done
Event: 13.839 Thread 0x00007fdf55bf6000 Thread added: 0x00007fdf55bf6000
Event: 13.839 Executing VM operation: RevokeBias
Event: 13.839 Executing VM operation: RevokeBias done


Dynamic libraries:
0x00007fff615b4000 	/usr/lib/libz.1.dylib
0x0000000105193000 	/Library/Java/JavaVirtualMachines/openjdk-12.0.1.jdk/Contents/Home/lib/libjli.dylib
0x00007fff3571f000 	/System/Library/Frameworks/Cocoa.framework/Versions/A/Cocoa
0x00007fff414c2000 	/System/Library/Frameworks/Security.framework/Versions/A/Security
0x00007fff343b2000 	/System/Library/Frameworks/ApplicationServices.framework/Versions/A/ApplicationServices
0x00007fff5ef0e000 	/usr/lib/libSystem.B.dylib
0x00007fff61daa000 	/usr/lib/system/libcache.dylib
0x00007fff61daf000 	/usr/lib/system/libcommonCrypto.dylib
0x00007fff61dba000 	/usr/lib/system/libcompiler_rt.dylib
0x00007fff61dc2000 	/usr/lib/system/libcopyfile.dylib
0x00007fff61dcc000 	/usr/lib/system/libcorecrypto.dylib
0x00007fff61ed7000 	/usr/lib/system/libdispatch.dylib
0x00007fff61f11000 	/usr/lib/system/libdyld.dylib
0x00007fff61f3e000 	/usr/lib/system/libkeymgr.dylib
0x00007fff61f4c000 	/usr/lib/system/liblaunch.dylib
0x00007fff61f4d000 	/usr/lib/system/libmacho.dylib
0x00007fff61f53000 	/usr/lib/system/libquarantine.dylib
0x00007fff61f56000 	/usr/lib/system/libremovefile.dylib
0x00007fff61f58000 	/usr/lib/system/libsystem_asl.dylib
0x00007fff61f70000 	/usr/lib/system/libsystem_blocks.dylib
0x00007fff61f71000 	/usr/lib/system/libsystem_c.dylib
0x00007fff61ff9000 	/usr/lib/system/libsystem_configuration.dylib
0x00007fff61ffd000 	/usr/lib/system/libsystem_coreservices.dylib
0x00007fff62001000 	/usr/lib/system/libsystem_darwin.dylib
0x00007fff62008000 	/usr/lib/system/libsystem_dnssd.dylib
0x00007fff6200f000 	/usr/lib/system/libsystem_info.dylib
0x00007fff62084000 	/usr/lib/system/libsystem_m.dylib
0x00007fff620d0000 	/usr/lib/system/libsystem_malloc.dylib
0x00007fff620fb000 	/usr/lib/system/libsystem_networkextension.dylib
0x00007fff62106000 	/usr/lib/system/libsystem_notify.dylib
0x00007fff62123000 	/usr/lib/system/libsystem_sandbox.dylib
0x00007fff62127000 	/usr/lib/system/libsystem_secinit.dylib
0x00007fff6205b000 	/usr/lib/system/libsystem_kernel.dylib
0x00007fff6210e000 	/usr/lib/system/libsystem_platform.dylib
0x00007fff62118000 	/usr/lib/system/libsystem_pthread.dylib
0x00007fff6212a000 	/usr/lib/system/libsystem_symptoms.dylib
0x00007fff62132000 	/usr/lib/system/libsystem_trace.dylib
0x00007fff62149000 	/usr/lib/system/libunwind.dylib
0x00007fff6214f000 	/usr/lib/system/libxpc.dylib
0x00007fff60745000 	/usr/lib/libobjc.A.dylib
0x00007fff5f1a5000 	/usr/lib/libc++abi.dylib
0x00007fff5f151000 	/usr/lib/libc++.1.dylib
0x00007fff35f94000 	/System/Library/Frameworks/CoreFoundation.framework/Versions/A/CoreFoundation
0x00007fff38216000 	/System/Library/Frameworks/Foundation.framework/Versions/C/Foundation
0x00007fff335ab000 	/System/Library/Frameworks/AppKit.framework/Versions/C/AppKit
0x00007fff35b1d000 	/System/Library/Frameworks/CoreData.framework/Versions/A/CoreData
0x00007fff589d4000 	/System/Library/PrivateFrameworks/RemoteViewServices.framework/Versions/A/RemoteViewServices
0x00007fff5cc4b000 	/System/Library/PrivateFrameworks/UIFoundation.framework/Versions/A/UIFoundation
0x00007fff5e32f000 	/System/Library/PrivateFrameworks/XCTTargetBootstrap.framework/Versions/A/XCTTargetBootstrap
0x00007fff35ea3000 	/System/Library/Frameworks/CoreDisplay.framework/Versions/A/CoreDisplay
0x00007fff5370a000 	/System/Library/PrivateFrameworks/IconServices.framework/Versions/A/IconServices
0x00007fff3ab37000 	/System/Library/Frameworks/Metal.framework/Versions/A/Metal
0x00007fff4ac4d000 	/System/Library/PrivateFrameworks/DesktopServicesPriv.framework/Versions/A/DesktopServicesPriv
0x00007fff5faa8000 	/usr/lib/libenergytrace.dylib
0x00007fff5b132000 	/System/Library/PrivateFrameworks/SkyLight.framework/Versions/A/SkyLight
0x00007fff363da000 	/System/Library/Frameworks/CoreGraphics.framework/Versions/A/CoreGraphics
0x00007fff32377000 	/System/Library/Frameworks/Accelerate.framework/Versions/A/Accelerate
0x00007fff3895f000 	/System/Library/Frameworks/IOSurface.framework/Versions/A/IOSurface
0x00007fff4aab9000 	/System/Library/PrivateFrameworks/DFRFoundation.framework/Versions/A/DFRFoundation
0x00007fff34895000 	/System/Library/Frameworks/AudioToolbox.framework/Versions/A/AudioToolbox
0x00007fff34b0e000 	/System/Library/Frameworks/AudioUnit.framework/Versions/A/AudioUnit
0x00007fff4ab4e000 	/System/Library/PrivateFrameworks/DataDetectorsCore.framework/Versions/A/DataDetectorsCore
0x00007fff35222000 	/System/Library/Frameworks/Carbon.framework/Versions/A/Frameworks/HIToolbox.framework/Versions/A/HIToolbox
0x00007fff5fc01000 	/usr/lib/libicucore.A.dylib
0x00007fff40a36000 	/System/Library/Frameworks/QuartzCore.framework/Versions/A/QuartzCore
0x00007fff355f7000 	/System/Library/Frameworks/Carbon.framework/Versions/A/Frameworks/SpeechRecognition.framework/Versions/A/SpeechRecognition
0x00007fff5f062000 	/usr/lib/libauto.dylib
0x00007fff614a8000 	/usr/lib/libxml2.2.dylib
0x00007fff4a694000 	/System/Library/PrivateFrameworks/CoreUI.framework/Versions/A/CoreUI
0x00007fff35a08000 	/System/Library/Frameworks/CoreAudio.framework/Versions/A/CoreAudio
0x00007fff3804b000 	/System/Library/Frameworks/DiskArbitration.framework/Versions/A/DiskArbitration
0x00007fff5feaf000 	/usr/lib/liblangid.dylib
0x00007fff54b15000 	/System/Library/PrivateFrameworks/MultitouchSupport.framework/Versions/A/MultitouchSupport
0x00007fff388ce000 	/System/Library/Frameworks/IOKit.framework/Versions/A/IOKit
0x00007fff5eace000 	/usr/lib/libDiagnosticMessagesClient.dylib
0x00007fff371e9000 	/System/Library/Frameworks/CoreServices.framework/Versions/A/CoreServices
0x00007fff567cf000 	/System/Library/PrivateFrameworks/PerformanceAnalysis.framework/Versions/A/PerformanceAnalysis
0x00007fff3fc24000 	/System/Library/Frameworks/OpenGL.framework/Versions/A/OpenGL
0x00007fff3572d000 	/System/Library/Frameworks/ColorSync.framework/Versions/A/ColorSync
0x00007fff36a6b000 	/System/Library/Frameworks/CoreImage.framework/Versions/A/CoreImage
0x00007fff37bc1000 	/System/Library/Frameworks/CoreText.framework/Versions/A/CoreText
0x00007fff389c2000 	/System/Library/Frameworks/ImageIO.framework/Versions/A/ImageIO
0x00007fff46ce6000 	/System/Library/PrivateFrameworks/Backup.framework/Versions/A/Backup
0x00007fff5efb5000 	/usr/lib/libarchive.2.dylib
0x00007fff34e67000 	/System/Library/Frameworks/CFNetwork.framework/Versions/A/CFNetwork
0x00007fff41c1e000 	/System/Library/Frameworks/SystemConfiguration.framework/Versions/A/SystemConfiguration
0x00007fff5e9ff000 	/usr/lib/libCRFSuite.dylib
0x00007fff5f132000 	/usr/lib/libbsm.0.dylib
0x00007fff61f3f000 	/usr/lib/system/libkxld.dylib
0x00007fff460d7000 	/System/Library/PrivateFrameworks/AppleFSCompression.framework/Versions/A/AppleFSCompression
0x00007fff5edce000 	/usr/lib/libOpenScriptingUtil.dylib
0x00007fff5f45a000 	/usr/lib/libcoretls.dylib
0x00007fff5f471000 	/usr/lib/libcoretls_cfhelpers.dylib
0x00007fff60edc000 	/usr/lib/libpam.2.dylib
0x00007fff6109c000 	/usr/lib/libsqlite3.dylib
0x00007fff61496000 	/usr/lib/libxar.1.dylib
0x00007fff5f143000 	/usr/lib/libbz2.1.0.dylib
0x00007fff5feb1000 	/usr/lib/liblzma.5.dylib
0x00007fff60362000 	/usr/lib/libnetwork.dylib
0x00007fff5ef9e000 	/usr/lib/libapple_nghttp2.dylib
0x00007fff60ee3000 	/usr/lib/libpcap.A.dylib
0x00007fff37588000 	/System/Library/Frameworks/CoreServices.framework/Versions/A/Frameworks/FSEvents.framework/Versions/A/FSEvents
0x00007fff37267000 	/System/Library/Frameworks/CoreServices.framework/Versions/A/Frameworks/CarbonCore.framework/Versions/A/CarbonCore
0x00007fff37743000 	/System/Library/Frameworks/CoreServices.framework/Versions/A/Frameworks/Metadata.framework/Versions/A/Metadata
0x00007fff377e2000 	/System/Library/Frameworks/CoreServices.framework/Versions/A/Frameworks/OSServices.framework/Versions/A/OSServices
0x00007fff3782d000 	/System/Library/Frameworks/CoreServices.framework/Versions/A/Frameworks/SearchKit.framework/Versions/A/SearchKit
0x00007fff371ea000 	/System/Library/Frameworks/CoreServices.framework/Versions/A/Frameworks/AE.framework/Versions/A/AE
0x00007fff37591000 	/System/Library/Frameworks/CoreServices.framework/Versions/A/Frameworks/LaunchServices.framework/Versions/A/LaunchServices
0x00007fff3753f000 	/System/Library/Frameworks/CoreServices.framework/Versions/A/Frameworks/DictionaryServices.framework/Versions/A/DictionaryServices
0x00007fff37895000 	/System/Library/Frameworks/CoreServices.framework/Versions/A/Frameworks/SharedFileList.framework/Versions/A/SharedFileList
0x00007fff3bbff000 	/System/Library/Frameworks/NetFS.framework/Versions/A/NetFS
0x00007fff54d7b000 	/System/Library/PrivateFrameworks/NetAuth.framework/Versions/A/NetAuth
0x00007fff5e733000 	/System/Library/PrivateFrameworks/login.framework/Versions/A/Frameworks/loginsupport.framework/Versions/A/loginsupport
0x00007fff5c854000 	/System/Library/PrivateFrameworks/TCC.framework/Versions/A/TCC
0x00007fff49cf1000 	/System/Library/PrivateFrameworks/CoreNLP.framework/Versions/A/CoreNLP
0x00007fff54810000 	/System/Library/PrivateFrameworks/MetadataUtilities.framework/Versions/A/MetadataUtilities
0x00007fff5ff86000 	/usr/lib/libmecabra.dylib
0x00007fff343b3000 	/System/Library/Frameworks/ApplicationServices.framework/Versions/A/Frameworks/ATS.framework/Versions/A/ATS
0x00007fff34702000 	/System/Library/Frameworks/ApplicationServices.framework/Versions/A/Frameworks/ColorSyncLegacy.framework/Versions/A/ColorSyncLegacy
0x00007fff347a1000 	/System/Library/Frameworks/ApplicationServices.framework/Versions/A/Frameworks/HIServices.framework/Versions/A/HIServices
0x00007fff347f4000 	/System/Library/Frameworks/ApplicationServices.framework/Versions/A/Frameworks/LangAnalysis.framework/Versions/A/LangAnalysis
0x00007fff34804000 	/System/Library/Frameworks/ApplicationServices.framework/Versions/A/Frameworks/PrintCore.framework/Versions/A/PrintCore
0x00007fff3484e000 	/System/Library/Frameworks/ApplicationServices.framework/Versions/A/Frameworks/QD.framework/Versions/A/QD
0x00007fff34888000 	/System/Library/Frameworks/ApplicationServices.framework/Versions/A/Frameworks/SpeechSynthesis.framework/Versions/A/SpeechSynthesis
0x00007fff5f1cd000 	/usr/lib/libcompression.dylib
0x00007fff3ae07000 	/System/Library/Frameworks/MetalPerformanceShaders.framework/Versions/A/MetalPerformanceShaders
0x00007fff3238f000 	/System/Library/Frameworks/Accelerate.framework/Versions/A/Frameworks/vImage.framework/Versions/A/vImage
0x00007fff33409000 	/System/Library/Frameworks/Accelerate.framework/Versions/A/Frameworks/vecLib.framework/Versions/A/vecLib
0x00007fff33355000 	/System/Library/Frameworks/Accelerate.framework/Versions/A/Frameworks/vecLib.framework/Versions/A/libvMisc.dylib
0x00007fff3316d000 	/System/Library/Frameworks/Accelerate.framework/Versions/A/Frameworks/vecLib.framework/Versions/A/libvDSP.dylib
0x00007fff32a29000 	/System/Library/Frameworks/Accelerate.framework/Versions/A/Frameworks/vecLib.framework/Versions/A/libBLAS.dylib
0x00007fff32d16000 	/System/Library/Frameworks/Accelerate.framework/Versions/A/Frameworks/vecLib.framework/Versions/A/libLAPACK.dylib
0x00007fff330c0000 	/System/Library/Frameworks/Accelerate.framework/Versions/A/Frameworks/vecLib.framework/Versions/A/libLinearAlgebra.dylib
0x00007fff33159000 	/System/Library/Frameworks/Accelerate.framework/Versions/A/Frameworks/vecLib.framework/Versions/A/libSparseBLAS.dylib
0x00007fff330d6000 	/System/Library/Frameworks/Accelerate.framework/Versions/A/Frameworks/vecLib.framework/Versions/A/libQuadrature.dylib
0x00007fff32ca3000 	/System/Library/Frameworks/Accelerate.framework/Versions/A/Frameworks/vecLib.framework/Versions/A/libBNNS.dylib
0x00007fff330dc000 	/System/Library/Frameworks/Accelerate.framework/Versions/A/Frameworks/vecLib.framework/Versions/A/libSparse.dylib
0x00007fff5103f000 	/System/Library/PrivateFrameworks/GPUWrangler.framework/Versions/A/GPUWrangler
0x00007fff5333f000 	/System/Library/PrivateFrameworks/IOAccelerator.framework/Versions/A/IOAccelerator
0x00007fff5334a000 	/System/Library/PrivateFrameworks/IOPresentment.framework/Versions/A/IOPresentment
0x00007fff4aac9000 	/System/Library/PrivateFrameworks/DSExternalDisplay.framework/Versions/A/DSExternalDisplay
0x00007fff3f07b000 	/System/Library/Frameworks/OpenGL.framework/Versions/A/Libraries/libCoreFSCache.dylib
0x00007fff3abfb000 	/System/Library/Frameworks/MetalPerformanceShaders.framework/Frameworks/MPSCore.framework/Versions/A/MPSCore
0x00007fff3ac1b000 	/System/Library/Frameworks/MetalPerformanceShaders.framework/Frameworks/MPSImage.framework/Versions/A/MPSImage
0x00007fff3acc0000 	/System/Library/Frameworks/MetalPerformanceShaders.framework/Frameworks/MPSNeuralNetwork.framework/Versions/A/MPSNeuralNetwork
0x00007fff3ac98000 	/System/Library/Frameworks/MetalPerformanceShaders.framework/Frameworks/MPSMatrix.framework/Versions/A/MPSMatrix
0x00007fff3adec000 	/System/Library/Frameworks/MetalPerformanceShaders.framework/Frameworks/MPSRayIntersector.framework/Versions/A/MPSRayIntersector
0x00007fff54839000 	/System/Library/PrivateFrameworks/MetalTools.framework/Versions/A/MetalTools
0x00007fff45981000 	/System/Library/PrivateFrameworks/AggregateDictionary.framework/Versions/A/AggregateDictionary
0x00007fff5edae000 	/usr/lib/libMobileGestalt.dylib
0x00007fff37d24000 	/System/Library/Frameworks/CoreVideo.framework/Versions/A/CoreVideo
0x00007fff51e50000 	/System/Library/PrivateFrameworks/GraphVisualizer.framework/Versions/A/GraphVisualizer
0x00007fff4bccf000 	/System/Library/PrivateFrameworks/FaceCore.framework/Versions/A/FaceCore
0x00007fff3e6a9000 	/System/Library/Frameworks/OpenCL.framework/Versions/A/OpenCL
0x00007fff5eb06000 	/usr/lib/libFosl_dynamic.dylib
0x00007fff555e6000 	/System/Library/PrivateFrameworks/OTSVG.framework/Versions/A/OTSVG
0x00007fff344b7000 	/System/Library/Frameworks/ApplicationServices.framework/Versions/A/Frameworks/ATS.framework/Versions/A/Resources/libFontParser.dylib
0x00007fff345cf000 	/System/Library/Frameworks/ApplicationServices.framework/Versions/A/Frameworks/ATS.framework/Versions/A/Resources/libFontRegistry.dylib
0x00007fff38c30000 	/System/Library/Frameworks/ImageIO.framework/Versions/A/Resources/libJPEG.dylib
0x00007fff38f42000 	/System/Library/Frameworks/ImageIO.framework/Versions/A/Resources/libTIFF.dylib
0x00007fff38f18000 	/System/Library/Frameworks/ImageIO.framework/Versions/A/Resources/libPng.dylib
0x00007fff38b4e000 	/System/Library/Frameworks/ImageIO.framework/Versions/A/Resources/libGIF.dylib
0x00007fff38b53000 	/System/Library/Frameworks/ImageIO.framework/Versions/A/Resources/libJP2.dylib
0x00007fff38f3f000 	/System/Library/Frameworks/ImageIO.framework/Versions/A/Resources/libRadiance.dylib
0x00007fff4622e000 	/System/Library/PrivateFrameworks/AppleJPEG.framework/Versions/A/AppleJPEG
0x00007fff3f086000 	/System/Library/Frameworks/OpenGL.framework/Versions/A/Libraries/libGFXShared.dylib
0x00007fff3f249000 	/System/Library/Frameworks/OpenGL.framework/Versions/A/Libraries/libGLU.dylib
0x00007fff3f08f000 	/System/Library/Frameworks/OpenGL.framework/Versions/A/Libraries/libGL.dylib
0x00007fff3f09b000 	/System/Library/Frameworks/OpenGL.framework/Versions/A/Libraries/libGLImage.dylib
0x00007fff3f078000 	/System/Library/Frameworks/OpenGL.framework/Versions/A/Libraries/libCVMSPluginSupport.dylib
0x00007fff3f081000 	/System/Library/Frameworks/OpenGL.framework/Versions/A/Libraries/libCoreVMClient.dylib
0x00007fff5f91e000 	/usr/lib/libcups.2.dylib
0x00007fff3a102000 	/System/Library/Frameworks/Kerberos.framework/Versions/A/Kerberos
0x00007fff38632000 	/System/Library/Frameworks/GSS.framework/Versions/A/GSS
0x00007fff61031000 	/usr/lib/libresolv.9.dylib
0x00007fff5fb10000 	/usr/lib/libiconv.2.dylib
0x00007fff51fc5000 	/System/Library/PrivateFrameworks/Heimdal.framework/Versions/A/Heimdal
0x00007fff5fae0000 	/usr/lib/libheimdal-asn1.dylib
0x00007fff3e71d000 	/System/Library/Frameworks/OpenDirectory.framework/Versions/A/OpenDirectory
0x00007fff48a54000 	/System/Library/PrivateFrameworks/CommonAuth.framework/Versions/A/CommonAuth
0x00007fff3e701000 	/System/Library/Frameworks/OpenDirectory.framework/Versions/A/Frameworks/CFOpenDirectory.framework/Versions/A/CFOpenDirectory
0x00007fff417c3000 	/System/Library/Frameworks/SecurityFoundation.framework/Versions/A/SecurityFoundation
0x00007fff44ec7000 	/System/Library/PrivateFrameworks/APFS.framework/Versions/A/APFS
0x00007fff61492000 	/usr/lib/libutil.dylib
0x00007fff5f1bb000 	/usr/lib/libcharset.1.dylib
0x00007fff464cb000 	/System/Library/PrivateFrameworks/AppleSauce.framework/Versions/A/AppleSauce
0x00007fff4664c000 	/System/Library/PrivateFrameworks/AssertionServices.framework/Versions/A/AssertionServices
0x00007fff46d7c000 	/System/Library/PrivateFrameworks/BaseBoard.framework/Versions/A/BaseBoard
0x00007fff5fee1000 	/usr/lib/libmecab.1.0.0.dylib
0x00007fff5fada000 	/usr/lib/libgermantok.dylib
0x00007fff5ef8b000 	/usr/lib/libThaiTokenizer.dylib
0x00007fff5ea36000 	/usr/lib/libChineseTokenizer.dylib
0x00007fff539f7000 	/System/Library/PrivateFrameworks/LanguageModeling.framework/Versions/A/LanguageModeling
0x00007fff49736000 	/System/Library/PrivateFrameworks/CoreEmoji.framework/Versions/A/CoreEmoji
0x00007fff53ad3000 	/System/Library/PrivateFrameworks/Lexicon.framework/Versions/A/Lexicon
0x00007fff53b16000 	/System/Library/PrivateFrameworks/LinguisticData.framework/Versions/A/LinguisticData
0x00007fff5f1bc000 	/usr/lib/libcmph.dylib
0x00007fff41881000 	/System/Library/Frameworks/ServiceManagement.framework/Versions/A/ServiceManagement
0x00007fff46cdd000 	/System/Library/PrivateFrameworks/BackgroundTaskManagement.framework/Versions/A/BackgroundTaskManagement
0x00007fff6158b000 	/usr/lib/libxslt.1.dylib
0x00007fff35524000 	/System/Library/Frameworks/Carbon.framework/Versions/A/Frameworks/Ink.framework/Versions/A/Ink
0x00007fff5cac6000 	/System/Library/PrivateFrameworks/TextureIO.framework/Versions/A/TextureIO
0x00007fff5efdf000 	/usr/lib/libate.dylib
0x00007fff4aa18000 	/System/Library/PrivateFrameworks/CrashReporterSupport.framework/Versions/A/CrashReporterSupport
0x00007fff5a200000 	/System/Library/PrivateFrameworks/Sharing.framework/Versions/A/Sharing
0x00007fff46a2f000 	/System/Library/PrivateFrameworks/AuthKit.framework/Versions/A/AuthKit
0x00007fff45f83000 	/System/Library/PrivateFrameworks/Apple80211.framework/Versions/A/Apple80211
0x00007fff4a7c0000 	/System/Library/PrivateFrameworks/CoreUtils.framework/Versions/A/CoreUtils
0x00007fff37d65000 	/System/Library/Frameworks/CoreWLAN.framework/Versions/A/CoreWLAN
0x00007fff38761000 	/System/Library/Frameworks/IOBluetooth.framework/Versions/A/IOBluetooth
0x00007fff58670000 	/System/Library/PrivateFrameworks/ProtocolBuffer.framework/Versions/A/ProtocolBuffer
0x00007fff54a71000 	/System/Library/PrivateFrameworks/MobileKeyBag.framework/Versions/A/MobileKeyBag
0x00007fff4a004000 	/System/Library/PrivateFrameworks/CorePhoneNumbers.framework/Versions/A/CorePhoneNumbers
0x00007fff461e2000 	/System/Library/PrivateFrameworks/AppleIDAuthSupport.framework/Versions/A/AppleIDAuthSupport
0x00007fff539ca000 	/System/Library/PrivateFrameworks/KeychainCircle.framework/Versions/A/KeychainCircle
0x00007fff58826000 	/System/Library/PrivateFrameworks/ROCKit.framework/Versions/A/ROCKit
0x00007fff4a9b4000 	/System/Library/PrivateFrameworks/CoreWiFi.framework/Versions/A/CoreWiFi
0x00007fff35af2000 	/System/Library/Frameworks/CoreBluetooth.framework/Versions/A/CoreBluetooth
0x00007fff4ac0f000 	/System/Library/PrivateFrameworks/DebugSymbols.framework/Versions/A/DebugSymbols
0x00007fff4a580000 	/System/Library/PrivateFrameworks/CoreSymbolication.framework/Versions/A/CoreSymbolication
0x00007fff5c2e1000 	/System/Library/PrivateFrameworks/Symbolication.framework/Versions/A/Symbolication
0x00007fff5bb84000 	/System/Library/PrivateFrameworks/SpeechRecognitionCore.framework/Versions/A/SpeechRecognitionCore
0x0000000106421000 	/Library/Java/JavaVirtualMachines/openjdk-12.0.1.jdk/Contents/Home/lib/server/libjvm.dylib
0x00000001051bc000 	/Library/Java/JavaVirtualMachines/openjdk-12.0.1.jdk/Contents/Home/lib/libverify.dylib
0x00000001051c8000 	/Library/Java/JavaVirtualMachines/openjdk-12.0.1.jdk/Contents/Home/lib/libjava.dylib
0x0000000105a53000 	/Library/Java/JavaVirtualMachines/openjdk-12.0.1.jdk/Contents/Home/lib/libzip.dylib
0x0000000105a5b000 	/Library/Java/JavaVirtualMachines/openjdk-12.0.1.jdk/Contents/Home/lib/libjimage.dylib
0x0000000128259000 	/Library/Java/JavaVirtualMachines/openjdk-12.0.1.jdk/Contents/Home/lib/libnio.dylib
0x0000000128267000 	/Library/Java/JavaVirtualMachines/openjdk-12.0.1.jdk/Contents/Home/lib/./libnet.dylib
0x0000000128836000 	/Users/mattmoore/.konan/dependencies/clang-llvm-6.0.1-darwin-macos/lib/libclang.dylib
0x00007fff6018f000 	/usr/lib/libncurses.5.4.dylib
0x000000012c71d000 	/Users/mattmoore/.konan/kotlin-native-macos-1.3.1/konan/nativelib/libclangstubs.dylib
0x000000012db71000 	/Users/mattmoore/.konan/kotlin-native-macos-1.3.1/konan/nativelib/libcallbacks.dylib


VM Arguments:
jvm_args: -DCVS_PASSFILE=~/.cvspass -D__idea.mac.env.lock=unlocked -Dapple.laf.useScreenMenuBar=true -Dawt.toolkit=sun.lwawt.macosx.LWCToolkit -Dcom.apple.mrj.application.live-resize=false -Dcom.jetbrains.suppressWindowRaise=false -Dfile.separator=/ -Dftp.nonProxyHosts=local|*.local|169.254/16|*.169.254/16 -DgopherProxySet=false -Dhttp.nonProxyHosts=local|*.local|169.254/16|*.169.254/16 -Didea.active=true -Didea.cycle.buffer.size=1024 -Didea.dynamic.classpath=false -Didea.executable=idea -Didea.fatal.error.notification=disabled -Didea.home.path=/Applications/IntelliJ IDEA CE.app/Contents -Didea.jre.check=true -Didea.max.content.load.filesize=20000 -Didea.max.intellisense.filesize=2500 -Didea.no.launcher=false -Didea.paths.selector=IdeaIC2019.2 -Didea.platform.prefix=Idea -Didea.popup.weight=heavy -Didea.smooth.progress=false -Didea.version=2019.2.3 -Didea.xdebug.key=-Xdebug -Dio.netty.allocator.numDirectArenas=1 -Dio.netty.allocator.numHeapArenas=1 -Dio.netty.machineId=28:f0:76:ff:fe:16:65:0e -Dio.netty.processId=48266 -Dio.netty.serviceThreadPrefix=Netty  -Djava.awt.graphicsenv=sun.awt.CGraphicsEnvironment -Djava.class.version=56.0 -Djava.home=/Library/Java/JavaVirtualMachines/openjdk-12.0.1.jdk/Contents/Home -Djava.library.path=/Users/mattmoore/.konan/kotlin-native-macos-1.3.1/konan/nativelib -Djava.net.preferIPv4Stack=true -Djava.rmi.server.disableHttp=true -Djava.rmi.server.hostname=127.0.0.1 -Djava.runtime.name=OpenJDK Runtime Environment -Djava.runtime.version=12.0.1+12 -Djava.specification.name=Java Platform API Specification -Djava.specification.vendor=Oracle Corporation -Djava.specification.version=12 -Djava.util.concurrent.ForkJoinPool.common.threadFactory=com.intellij.concurrency.IdeaForkJoinWorkerThreadFactory -Djava.vendor=Oracle Corporation -Djava.vendor.url=https://java.oracle.com/ -Djava.vendor.url.bug=https://youtrack.jetbrains.com -Djava.version=12.0.1 -Djava.version.date=2019-07-16 -Djava.vm.compressedOopsMode=Zero based -Djava.vm.info=mixed mode -Djava.vm.name=OpenJDK 64-Bit Server VM -Djava.vm.specification.name=Java Virtual Machine Specification -Djava.vm.specification.vendor=Oracle Corporation -Djava.vm.specification.version=12 -Djava.vm.vendor=Oracle Corporation -Djava.vm.version=12.0.1+12 -Djavax.swing.rebaseCssSizeMap=true -Djb.vmOptionsFile=/Users/mattmoore/Library/Preferences/IdeaIC2019.2/idea.vmoptions -Djbre.popupwindow.settype=true -Djdk.attach.allowAttachSelf -Djdk.debug=release -Djdk.http.auth.tunneling.disabledSchemes="" -Djna.loaded=true -Djna.nosys=true -Djna.platform.library.path=/usr/lib:/usr/lib -Djna.tmpdir=/Users/mattmoore/Library/Caches/IdeaIC2019.2/tmp -Djnidispatch.path=/Users/mattmoore/Library/Caches/IdeaIC2019.2/tmp/jna10565089097298877718.tmp -Dkonan.home=/Users/mattmoore/.konan/kotlin-native-macos-1.3.1 -Dkotlin.environment.keepalive=true -Dlibrary.jansi.path=/Users/mattmoore/.gradle/native/jansi/1.17.1/osx -Dline.separator=
 -Dlog4j.defaultInitOverride=true -Dorg.jetbrains.kotlin.cliMessageRenderer=GradleStyle -Dos.arch=x86_64 -Dos.name=Mac OS X -Dos.version=10.14.6 -Dpath.separator=: -Dpty4j.preferred.native.folder=/Applications/IntelliJ IDEA CE.app/Contents/lib/pty4j-native -Dpty4j.tmpdir=/Users/mattmoore/Library/Caches/IdeaIC2019.2/tmp -DsocksNonProxyHosts=local|*.local|169.254/16|*.169.254/16 -Dsun.arch.data.model=64 -Dsun.boot.library.path=/Library/Java/JavaVirtualMachines/openjdk-12.0.1.jdk/Contents/Home/lib -Dsun.cpu.endian=little -Dsun.io.unicode.encoding=UnicodeBig -Dsun.jnu.encoding=UTF-8 -Dsun.management.compiler=HotSpot 64-Bit Tiered Compilers -Dswing.bufferPerWindow=true -Duser.dir=/Users/mattmoore/source/kotlin-game-engine -Duser.home=/Users/mattmoore -Duser.name=mattmoore -Duser.timezone=America/Chicago -Xmx3G -Dfile.encoding=UTF-8 -Djava.io.tmpdir=/var/folders/98/2j2qvkcd27bb61zg12hbkjvr0000gn/T/ -Duser.country=US -Duser.language=en -Duser.variant -ea 
java_command: org.jetbrains.kotlin.cli.utilities.MainKt cinterop -o /Users/mattmoore/source/kotlin-game-engine/build/classes/kotlin/macosX64/main/kotlin-game-engine-cinterop-interop.klib -target macos_x64 -def /Users/mattmoore/source/kotlin-game-engine/src/nativeInterop/cinterop/libsdl.def
java_class_path (initial): /Users/mattmoore/.konan/kotlin-native-macos-1.3.1/konan/lib/kotlin-stdlib.jar:/Users/mattmoore/.konan/kotlin-native-macos-1.3.1/konan/lib/klib.jar:/Users/mattmoore/.konan/kotlin-native-macos-1.3.1/konan/lib/Runtime.jar:/Users/mattmoore/.konan/kotlin-native-macos-1.3.1/konan/lib/protobuf-java-2.6.1.jar:/Users/mattmoore/.konan/kotlin-native-macos-1.3.1/konan/lib/kotlin-script-runtime.jar:/Users/mattmoore/.konan/kotlin-native-macos-1.3.1/konan/lib/kotlin-compiler.jar:/Users/mattmoore/.konan/kotlin-native-macos-1.3.1/konan/lib/kotlin-native-shared.jar:/Users/mattmoore/.konan/kotlin-native-macos-1.3.1/konan/lib/kotlin-reflect.jar:/Users/mattmoore/.konan/kotlin-native-macos-1.3.1/konan/lib/konan.metadata.jar:/Users/mattmoore/.konan/kotlin-native-macos-1.3.1/konan/lib/utilities.jar:/Users/mattmoore/.konan/kotlin-native-macos-1.3.1/konan/lib/backend.native.jar:/Users/mattmoore/.konan/kotlin-native-macos-1.3.1/konan/lib/trove4j.jar:/Users/mattmoore/.konan/kotlin-native-macos-1.3.1/konan/lib/version.jar:/Users/mattmoore/.konan/kotlin-native-macos-1.3.1/konan/lib/StubGenerator.jar:/Users/mattmoore/.konan/kotlin-native-macos-1.3.1/konan/lib/konan.serializer.jar:/Users/mattmoore/.konan/kotlin-native-macos-1.3.1/konan/lib/Indexer.jar
Launcher Type: SUN_STANDARD

[Global flags]
     intx CICompilerCount                          = 3                                         {product} {ergonomic}
     uint ConcGCThreads                            = 1                                         {product} {ergonomic}
     uint G1ConcRefinementThreads                  = 4                                         {product} {ergonomic}
   size_t G1HeapRegionSize                         = 1048576                                   {product} {ergonomic}
    uintx GCDrainStackTargetSize                   = 64                                        {product} {ergonomic}
   size_t InitialHeapSize                          = 268435456                                 {product} {ergonomic}
   size_t MarkStackSize                            = 4194304                                   {product} {ergonomic}
   size_t MaxHeapSize                              = 3221225472                                {product} {command line}
   size_t MaxNewSize                               = 1932525568                                {product} {ergonomic}
   size_t MinHeapDeltaBytes                        = 1048576                                   {product} {ergonomic}
    uintx NonNMethodCodeHeapSize                   = 5830732                                {pd product} {ergonomic}
    uintx NonProfiledCodeHeapSize                  = 122913754                              {pd product} {ergonomic}
    uintx ProfiledCodeHeapSize                     = 122913754                              {pd product} {ergonomic}
    uintx ReservedCodeCacheSize                    = 251658240                              {pd product} {ergonomic}
     bool SegmentedCodeCache                       = true                                      {product} {ergonomic}
     bool UseCompressedClassPointers               = true                                 {lp64_product} {ergonomic}
     bool UseCompressedOops                        = true                                 {lp64_product} {ergonomic}
     bool UseG1GC                                  = true                                      {product} {ergonomic}

Logging:
Log output configuration:
 #0: stdout all=warning uptime,level,tags
 #1: stderr all=off uptime,level,tags

Environment Variables:
JAVA_HOME=/Library/Java/JavaVirtualMachines/openjdk-12.0.1.jdk/Contents/Home
PATH=/usr/local/bin:/usr/bin:/bin:/usr/sbin:/sbin
SHELL=/usr/local/bin/zsh

Signal Handlers:
SIGSEGV: [libjvm.dylib+0x736342], sa_mask[0]=11111111011111110111111111111111, sa_flags=SA_ONSTACK|SA_RESTART|SA_SIGINFO
SIGBUS: [libjvm.dylib+0x736342], sa_mask[0]=11111111011111110111111111111111, sa_flags=SA_RESTART|SA_SIGINFO
SIGFPE: [libjvm.dylib+0x736342], sa_mask[0]=11111111011111110111111111111111, sa_flags=SA_RESTART|SA_SIGINFO
SIGPIPE: [libjvm.dylib+0x5dddb6], sa_mask[0]=11111111011111110111111111111111, sa_flags=SA_RESTART|SA_SIGINFO
SIGXFSZ: [libjvm.dylib+0x5dddb6], sa_mask[0]=11111111011111110111111111111111, sa_flags=SA_RESTART|SA_SIGINFO
SIGILL: [libjvm.dylib+0x736342], sa_mask[0]=11111111011111110111111111111111, sa_flags=SA_RESTART|SA_SIGINFO
SIGUSR2: [libjvm.dylib+0x5de39b], sa_mask[0]=00100000000000000000000000000000, sa_flags=SA_RESTART|SA_SIGINFO
SIGHUP: [libjvm.dylib+0x5dd05b], sa_mask[0]=11111111011111110111111111111111, sa_flags=SA_RESTART|SA_SIGINFO
SIGINT: [libjvm.dylib+0x5dd05b], sa_mask[0]=11111111011111110111111111111111, sa_flags=SA_RESTART|SA_SIGINFO
SIGTERM: [libjvm.dylib+0x5dd05b], sa_mask[0]=11111111011111110111111111111111, sa_flags=SA_RESTART|SA_SIGINFO
SIGQUIT: [libjvm.dylib+0x5dd05b], sa_mask[0]=11111111011111110111111111111111, sa_flags=SA_RESTART|SA_SIGINFO


---------------  S Y S T E M  ---------------

OS:uname:Darwin 18.7.0 Darwin Kernel Version 18.7.0: Tue Aug 20 16:57:14 PDT 2019; root:xnu-4903.271.2~2/RELEASE_X86_64 x86_64
rlimit: STACK 8192k, CORE 0k, NPROC 1418, NOFILE 10240, AS infinity, DATA infinity, FSIZE infinity
load average:3.22 3.33 3.10

CPU:total 4 (initial active 4) (2 cores per cpu, 2 threads per core) family 6 model 142 stepping 9, cmov, cx8, fxsr, mmx, sse, sse2, sse3, ssse3, sse4.1, sse4.2, popcnt, avx, avx2, aes, clmul, erms, 3dnowpref, lzcnt, ht, tsc, tscinvbit, bmi1, bmi2, adx, fma

Memory: 4k page, physical 16777216k(1469288k free)

vm_info: OpenJDK 64-Bit Server VM (12.0.1+12) for bsd-amd64 JRE (12.0.1+12), built on Apr  2 2019 08:16:28 by "mach5one" with gcc 4.2.1 Compatible Apple LLVM 9.1.0 (clang-902.0.39.2)

END.
